<?xml version='1.0' encoding='UTF-8'?>
<testsuite hostname="mc21.cs.purdue.edu" name="miniscala.test.CPSOptimizer_Blackbox" tests="62" errors="0" failures="0" skipped="0" time="2.551" timestamp="2023-04-03T18:30:22">
                     <properties>
[...]
</properties>
                     <testcase classname="miniscala.test.CPSOptimizer_Blackbox" name="testLibFunctions3" time="1.084">
                                                 
                                               </testcase><testcase classname="miniscala.test.CPSOptimizer_Blackbox" name="testSideEffectingCondition" time="0.021">
                                                 
                                               </testcase><testcase classname="miniscala.test.CPSOptimizer_Blackbox" name="testPrimitiveLogic3" time="0.009">
                                                 
                                               </testcase><testcase classname="miniscala.test.CPSOptimizer_Blackbox" name="testPrimitiveLogic4" time="0.007">
                                                 
                                               </testcase><testcase classname="miniscala.test.CPSOptimizer_Blackbox" name="testPrimitiveLogic5" time="0.006">
                                                 
                                               </testcase><testcase classname="miniscala.test.CPSOptimizer_Blackbox" name="testPrimitiveLogic6" time="0.006">
                                                 
                                               </testcase><testcase classname="miniscala.test.CPSOptimizer_Blackbox" name="testPrimitiveLogic7" time="0.007">
                                                 
                                               </testcase><testcase classname="miniscala.test.CPSOptimizer_Blackbox" name="testPrimitiveLogic8" time="0.007">
                                                 
                                               </testcase><testcase classname="miniscala.test.CPSOptimizer_Blackbox" name="testPrimitiveLogic9" time="0.006">
                                                 
                                               </testcase><testcase classname="miniscala.test.CPSOptimizer_Blackbox" name="testLibLists10" time="0.199">
                                                 
                                               </testcase><testcase classname="miniscala.test.CPSOptimizer_Blackbox" name="testLibLists11" time="0.09">
                                                 
                                               </testcase><testcase classname="miniscala.test.CPSOptimizer_Blackbox" name="testLibLists12" time="0.075">
                                                 
                                               </testcase><testcase classname="miniscala.test.CPSOptimizer_Blackbox" name="testLibLists13" time="0.057">
                                                 
                                               </testcase><testcase classname="miniscala.test.CPSOptimizer_Blackbox" name="testConditional1" time="0.003">
                                                 
                                               </testcase><testcase classname="miniscala.test.CPSOptimizer_Blackbox" name="testConditional2" time="0.003">
                                                 
                                               </testcase><testcase classname="miniscala.test.CPSOptimizer_Blackbox" name="testConditional4" time="0.003">
                                                 
                                               </testcase><testcase classname="miniscala.test.CPSOptimizer_Blackbox" name="testLibStrings1" time="0.049">
                                                 
                                               </testcase><testcase classname="miniscala.test.CPSOptimizer_Blackbox" name="testLibStrings2" time="0.042">
                                                 
                                               </testcase><testcase classname="miniscala.test.CPSOptimizer_Blackbox" name="testLibStrings3" time="0.108">
                                                 
                                               </testcase><testcase classname="miniscala.test.CPSOptimizer_Blackbox" name="testLibLists1" time="0.046">
                                                 
                                               </testcase><testcase classname="miniscala.test.CPSOptimizer_Blackbox" name="testLibLists2" time="0.043">
                                                 
                                               </testcase><testcase classname="miniscala.test.CPSOptimizer_Blackbox" name="testLibLists3" time="0.052">
                                                 
                                               </testcase><testcase classname="miniscala.test.CPSOptimizer_Blackbox" name="testLibLists4" time="0.058">
                                                 
                                               </testcase><testcase classname="miniscala.test.CPSOptimizer_Blackbox" name="testLibLists5" time="0.071">
                                                 
                                               </testcase><testcase classname="miniscala.test.CPSOptimizer_Blackbox" name="testLibLists6" time="0.054">
                                                 
                                               </testcase><testcase classname="miniscala.test.CPSOptimizer_Blackbox" name="testLibLists7" time="0.049">
                                                 
                                               </testcase><testcase classname="miniscala.test.CPSOptimizer_Blackbox" name="testLibLists8" time="0.048">
                                                 
                                               </testcase><testcase classname="miniscala.test.CPSOptimizer_Blackbox" name="testLibLists9" time="0.039">
                                                 
                                               </testcase><testcase classname="miniscala.test.CPSOptimizer_Blackbox" name="testPrimitiveArithmetic1" time="0.002">
                                                 
                                               </testcase><testcase classname="miniscala.test.CPSOptimizer_Blackbox" name="testPrimitiveArithmetic2" time="0.001">
                                                 
                                               </testcase><testcase classname="miniscala.test.CPSOptimizer_Blackbox" name="testPrimitiveArithmetic3" time="0.002">
                                                 
                                               </testcase><testcase classname="miniscala.test.CPSOptimizer_Blackbox" name="testPrimitiveArithmetic4" time="0.002">
                                                 
                                               </testcase><testcase classname="miniscala.test.CPSOptimizer_Blackbox" name="testPrimitiveArithmetic5" time="0.002">
                                                 
                                               </testcase><testcase classname="miniscala.test.CPSOptimizer_Blackbox" name="testPrimitiveArithmetic6" time="0.002">
                                                 
                                               </testcase><testcase classname="miniscala.test.CPSOptimizer_Blackbox" name="testPrimitiveArithmetic7" time="0.002">
                                                 
                                               </testcase><testcase classname="miniscala.test.CPSOptimizer_Blackbox" name="testPrimitiveArithmetic8" time="0.002">
                                                 
                                               </testcase><testcase classname="miniscala.test.CPSOptimizer_Blackbox" name="testPrimitiveArithmetic9" time="0.001">
                                                 
                                               </testcase><testcase classname="miniscala.test.CPSOptimizer_Blackbox" name="testPrimitiveArithmetic10" time="0.001">
                                                 
                                               </testcase><testcase classname="miniscala.test.CPSOptimizer_Blackbox" name="testPrimitiveBlocks1" time="0.005">
                                                 
                                               </testcase><testcase classname="miniscala.test.CPSOptimizer_Blackbox" name="testPrimitiveBlocks2" time="0.004">
                                                 
                                               </testcase><testcase classname="miniscala.test.CPSOptimizer_Blackbox" name="testPrimitiveBlocks3" time="0.004">
                                                 
                                               </testcase><testcase classname="miniscala.test.CPSOptimizer_Blackbox" name="testPrimitiveBlocks4" time="0.004">
                                                 
                                               </testcase><testcase classname="miniscala.test.CPSOptimizer_Blackbox" name="testPrimitiveBlocks5" time="0.005">
                                                 
                                               </testcase><testcase classname="miniscala.test.CPSOptimizer_Blackbox" name="testPrimitiveBlocks7" time="0.006">
                                                 
                                               </testcase><testcase classname="miniscala.test.CPSOptimizer_Blackbox" name="testPrimitiveLogic10" time="0.003">
                                                 
                                               </testcase><testcase classname="miniscala.test.CPSOptimizer_Blackbox" name="testPrimitiveLogic11" time="0.003">
                                                 
                                               </testcase><testcase classname="miniscala.test.CPSOptimizer_Blackbox" name="testPrimitiveLogic12" time="0.002">
                                                 
                                               </testcase><testcase classname="miniscala.test.CPSOptimizer_Blackbox" name="testPrimitiveLogic13" time="0.003">
                                                 
                                               </testcase><testcase classname="miniscala.test.CPSOptimizer_Blackbox" name="testPrimitiveLogic14" time="0.002">
                                                 
                                               </testcase><testcase classname="miniscala.test.CPSOptimizer_Blackbox" name="testPrimitiveLogic15" time="0.005">
                                                 
                                               </testcase><testcase classname="miniscala.test.CPSOptimizer_Blackbox" name="testPrimitiveLogic16" time="0.003">
                                                 
                                               </testcase><testcase classname="miniscala.test.CPSOptimizer_Blackbox" name="testPrimitiveLogic17" time="0.003">
                                                 
                                               </testcase><testcase classname="miniscala.test.CPSOptimizer_Blackbox" name="testPrimitiveLogic18" time="0.006">
                                                 
                                               </testcase><testcase classname="miniscala.test.CPSOptimizer_Blackbox" name="testPrimitiveLogic19" time="0.003">
                                                 
                                               </testcase><testcase classname="miniscala.test.CPSOptimizer_Blackbox" name="testPrimitiveLogic22" time="0.003">
                                                 
                                               </testcase><testcase classname="miniscala.test.CPSOptimizer_Blackbox" name="testPrimitiveLogic23" time="0.008">
                                                 
                                               </testcase><testcase classname="miniscala.test.CPSOptimizer_Blackbox" name="testPrimitiveLogic24" time="0.007">
                                                 
                                               </testcase><testcase classname="miniscala.test.CPSOptimizer_Blackbox" name="testPrimitiveLogic25" time="0.022">
                                                 
                                               </testcase><testcase classname="miniscala.test.CPSOptimizer_Blackbox" name="testPrimitiveLog20" time="0.004">
                                                 
                                               </testcase><testcase classname="miniscala.test.CPSOptimizer_Blackbox" name="testPrimitiveLog21" time="0.003">
                                                 
                                               </testcase><testcase classname="miniscala.test.CPSOptimizer_Blackbox" name="testLetrec" time="0.157">
                                                 
                                               </testcase><testcase classname="miniscala.test.CPSOptimizer_Blackbox" name="testAppOrder" time="0.027">
                                                 
                                               </testcase>
                     <system-out><![CDATA[]]></system-out>
                     <system-err><![CDATA[]]></system-err>
                   </testsuite>