2023.04.01 17:52:43 INFO  Started: Metals version 0.11.11 in workspace '/Users/bharathvemula/Purdue/cs502/proj6/compiler' for client Visual Studio Code 1.77.0.
SLF4J: No SLF4J providers were found.
SLF4J: Defaulting to no-operation (NOP) logger implementation
SLF4J: See https://www.slf4j.org/codes.html#noProviders for further details.
SLF4J: Class path contains SLF4J bindings targeting slf4j-api versions 1.7.x or earlier.
SLF4J: Ignoring binding found at [jar:file:/Users/bharathvemula/Library/Caches/Coursier/v1/https/repo1.maven.org/maven2/com/outr/scribe-slf4j_2.13/3.11.0/scribe-slf4j_2.13-3.11.0.jar!/org/slf4j/impl/StaticLoggerBinder.class]
SLF4J: See https://www.slf4j.org/codes.html#ignoredBindings for an explanation.
2023.04.01 17:52:44 INFO  time: initialize in 0.47s
2023.04.01 17:52:44 WARN  Build server is not auto-connectable.
2023.04.01 17:52:46 INFO  running '/Users/bharathvemula/.sdkman/candidates/java/current/bin/java -Djline.terminal=jline.UnsupportedTerminal -Dsbt.log.noformat=true -Dfile.encoding=UTF-8 -Xss2m -jar /var/folders/cy/v7yy02j15qb4tfx0qgtm1pww0000gn/T/metals2849576765613523130/sbt-launch.jar -Dbloop.export-jar-classifiers=sources bloopInstall'
2023.04.01 17:52:47 WARN  no build target for: /Users/bharathvemula/Purdue/cs502/proj6/compiler/project/metals.sbt
2023.04.01 17:52:47 WARN  no build target for: /Users/bharathvemula/Purdue/cs502/proj6/compiler/project/project/metals.sbt
2023.04.01 17:52:47 INFO  skipping build import with status 'Started'
2023.04.01 17:52:49 INFO  no build target found for /Users/bharathvemula/Purdue/cs502/proj6/compiler/project/metals.sbt. Using presentation compiler with project's scala-library version: 3.2.2
2023.04.01 17:52:50 INFO  [info] Loading global plugins from /Users/bharathvemula/.sbt/1.0/plugins
2023.04.01 17:52:52 INFO  [info] Loading settings for project compiler-build-build from metals.sbt ...
2023.04.01 17:52:52 INFO  [info] Loading project definition from /Users/bharathvemula/Purdue/cs502/proj6/compiler/project/project
2023.04.01 17:52:52 INFO  [info] Updating ProjectRef(uri("file:/Users/bharathvemula/Purdue/cs502/proj6/compiler/project/project/"), "compiler-build-build")...
2023.04.01 17:52:58 INFO  [info] downloading https://repo1.maven.org/maven2/com/google/code/gson/gson/2.7/gson-2.7.jar ...
2023.04.01 17:52:58 INFO  [info] downloading https://repo1.maven.org/maven2/com/google/code/findbugs/jsr305/3.0.2/jsr305-3.0.2.jar ...
2023.04.01 17:52:58 INFO  [info] downloading https://repo1.maven.org/maven2/ch/epfl/scala/sbt-bloop_2.12_1.0/1.4.6/sbt-bloop-1.4.6.jar ...
2023.04.01 17:52:59 INFO  [info] 	[SUCCESSFUL ] com.google.code.findbugs#jsr305;3.0.2!jsr305.jar (1239ms)
2023.04.01 17:52:59 INFO  [info] 	[SUCCESSFUL ] com.google.code.gson#gson;2.7!gson.jar (1780ms)
2023.04.01 17:53:05 INFO  [info] 	[SUCCESSFUL ] ch.epfl.scala#sbt-bloop;1.4.6!sbt-bloop.jar (7135ms)
2023.04.01 17:53:05 INFO  [info] Done updating.
2023.04.01 17:53:05 INFO  [info] Loading settings for project compiler-build from metals.sbt ...
2023.04.01 17:53:05 INFO  [info] Loading project definition from /Users/bharathvemula/Purdue/cs502/proj6/compiler/project
2023.04.01 17:53:05 INFO  [info] Updating ProjectRef(uri("file:/Users/bharathvemula/Purdue/cs502/proj6/compiler/project/"), "compiler-build")...
2023.04.01 17:53:07 INFO  [info] Done updating.
2023.04.01 17:53:07 INFO  [info] downloading https://repo1.maven.org/maven2/org/apache/logging/log4j/log4j-core/2.11.1/log4j-core-2.11.1-sources.jar ...
2023.04.01 17:53:08 INFO  [info] downloading https://repo1.maven.org/maven2/org/apache/logging/log4j/log4j-slf4j-impl/2.11.1/log4j-slf4j-impl-2.11.1-sources.jar ...
2023.04.01 17:53:08 INFO  [info] downloading https://repo1.maven.org/maven2/org/scala-sbt/util-position_2.12/1.2.4/util-position_2.12-1.2.4-sources.jar ...
2023.04.01 17:53:08 INFO  [info] downloading https://repo1.maven.org/maven2/org/spire-math/jawn-parser_2.12/0.10.4/jawn-parser_2.12-0.10.4-sources.jar ...
2023.04.01 17:53:08 INFO  [info] 	[SUCCESSFUL ] org.apache.logging.log4j#log4j-core;2.11.1!log4j-core.jar(src) (1190ms)
2023.04.01 17:53:08 INFO  [info] 	[SUCCESSFUL ] org.apache.logging.log4j#log4j-slf4j-impl;2.11.1!log4j-slf4j-impl.jar(src) (674ms)
2023.04.01 17:53:08 INFO  [info] downloading https://repo1.maven.org/maven2/com/eed3si9n/shaded-scalajson_2.12/1.0.0-M4/shaded-scalajson_2.12-1.0.0-M4-sources.jar ...
2023.04.01 17:53:08 INFO  [info] 	[SUCCESSFUL ] org.scala-sbt#util-position_2.12;1.2.4!util-position_2.12.jar(src) (643ms)
2023.04.01 17:53:08 INFO  [info] 	[SUCCESSFUL ] org.spire-math#jawn-parser_2.12;0.10.4!jawn-parser_2.12.jar(src) (575ms)
2023.04.01 17:53:08 INFO  [info] downloading https://repo1.maven.org/maven2/org/scala-sbt/zinc-ivy-integration_2.12/1.2.5/zinc-ivy-integration_2.12-1.2.5-sources.jar ...
2023.04.01 17:53:08 INFO  [info] 	[SUCCESSFUL ] com.eed3si9n#shaded-scalajson_2.12;1.0.0-M4!shaded-scalajson_2.12.jar(src) (255ms)
2023.04.01 17:53:08 INFO  [info] 	[SUCCESSFUL ] org.scala-sbt#zinc-ivy-integration_2.12;1.2.5!zinc-ivy-integration_2.12.jar(src) (250ms)
2023.04.01 17:53:10 INFO  [info] downloading https://repo1.maven.org/maven2/org/scala-sbt/launcher-interface/1.0.4/launcher-interface-1.0.4-sources.jar ...
2023.04.01 17:53:10 INFO  [info] 	[SUCCESSFUL ] org.scala-sbt#launcher-interface;1.0.4!launcher-interface.jar(src) (212ms)
2023.04.01 17:53:10 INFO  [info] downloading https://repo1.maven.org/maven2/com/eed3si9n/gigahorse-core_2.12/0.3.0/gigahorse-core_2.12-0.3.0-sources.jar ...
2023.04.01 17:53:10 INFO  [info] downloading https://repo1.maven.org/maven2/org/scala-lang/scala-compiler/2.12.7/scala-compiler-2.12.7-sources.jar ...
2023.04.01 17:53:10 INFO  [info] downloading https://repo1.maven.org/maven2/org/scala-sbt/ipcsocket/ipcsocket/1.0.0/ipcsocket-1.0.0-sources.jar ...
2023.04.01 17:53:10 INFO  [info] downloading https://repo1.maven.org/maven2/org/scala-sbt/zinc-compile-core_2.12/1.2.5/zinc-compile-core_2.12-1.2.5-sources.jar ...
2023.04.01 17:53:11 INFO  [info] downloading https://repo1.maven.org/maven2/org/scala-sbt/logic_2.12/1.2.8/logic_2.12-1.2.8-sources.jar ...
2023.04.01 17:53:11 INFO  [info] downloading https://repo1.maven.org/maven2/org/scala-sbt/sbt/1.2.8/sbt-1.2.8-sources.jar ...
2023.04.01 17:53:11 INFO  [info] 	[SUCCESSFUL ] com.eed3si9n#gigahorse-core_2.12;0.3.0!gigahorse-core_2.12.jar(src) (1652ms)
2023.04.01 17:53:14 INFO  [info] 	[SUCCESSFUL ] org.scala-sbt.ipcsocket#ipcsocket;1.0.0!ipcsocket.jar(src) (3630ms)
2023.04.01 17:53:14 INFO  [info] 	[SUCCESSFUL ] org.scala-sbt#zinc-compile-core_2.12;1.2.5!zinc-compile-core_2.12.jar(src) (3619ms)
2023.04.01 17:53:14 INFO  [info] 	[SUCCESSFUL ] org.scala-sbt#logic_2.12;1.2.8!logic_2.12.jar(src) (3277ms)
2023.04.01 17:53:14 INFO  [info] 	[SUCCESSFUL ] org.scala-sbt#sbt;1.2.8!sbt.jar(src) (3277ms)
2023.04.01 17:53:14 INFO  [info] downloading https://repo1.maven.org/maven2/org/scala-sbt/core-macros_2.12/1.2.8/core-macros_2.12-1.2.8-sources.jar ...
2023.04.01 17:53:14 INFO  [info] 	[SUCCESSFUL ] org.scala-lang#scala-compiler;2.12.7!scala-compiler.jar(src) (3782ms)
2023.04.01 17:53:14 INFO  [info] 	[SUCCESSFUL ] org.scala-sbt#core-macros_2.12;1.2.8!core-macros_2.12.jar(src) (414ms)
2023.04.01 17:53:14 INFO  [info] downloading https://repo1.maven.org/maven2/org/scala-sbt/io_2.12/1.2.2/io_2.12-1.2.2-sources.jar ...
2023.04.01 17:53:14 INFO  [info] 	[SUCCESSFUL ] org.scala-sbt#io_2.12;1.2.2!io_2.12.jar(src) (295ms)
2023.04.01 17:53:14 INFO  [info] downloading https://repo1.maven.org/maven2/net/java/dev/jna/jna/4.5.0/jna-4.5.0-sources.jar ...
2023.04.01 17:53:14 INFO  [info] downloading https://repo1.maven.org/maven2/com/google/code/findbugs/jsr305/3.0.2/jsr305-3.0.2-sources.jar ...
2023.04.01 17:53:15 INFO  [info] 	[SUCCESSFUL ] com.google.code.findbugs#jsr305;3.0.2!jsr305.jar(src) (210ms)
2023.04.01 17:53:15 INFO  [info] 	[SUCCESSFUL ] net.java.dev.jna#jna;4.5.0!jna.jar(src) (338ms)
2023.04.01 17:53:15 INFO  [info] downloading https://repo1.maven.org/maven2/org/scala-sbt/tasks_2.12/1.2.8/tasks_2.12-1.2.8-sources.jar ...
2023.04.01 17:53:15 INFO  [info] downloading https://repo1.maven.org/maven2/org/scala-sbt/task-system_2.12/1.2.8/task-system_2.12-1.2.8-sources.jar ...
2023.04.01 17:53:15 INFO  [info] downloading https://repo1.maven.org/maven2/org/scala-sbt/completion_2.12/1.2.8/completion_2.12-1.2.8-sources.jar ...
2023.04.01 17:53:15 INFO  [info] 	[SUCCESSFUL ] org.scala-sbt#tasks_2.12;1.2.8!tasks_2.12.jar(src) (209ms)
2023.04.01 17:53:15 INFO  [info] downloading https://repo1.maven.org/maven2/org/scala-lang/modules/scala-xml_2.12/1.0.6/scala-xml_2.12-1.0.6-sources.jar ...
2023.04.01 17:53:15 INFO  [info] 	[SUCCESSFUL ] org.scala-sbt#task-system_2.12;1.2.8!task-system_2.12.jar(src) (201ms)
2023.04.01 17:53:15 INFO  [info] downloading https://repo1.maven.org/maven2/org/scala-sbt/zinc-compile_2.12/1.2.5/zinc-compile_2.12-1.2.5-sources.jar ...
2023.04.01 17:53:15 INFO  [info] downloading https://repo1.maven.org/maven2/org/scala-sbt/librarymanagement-core_2.12/1.2.4/librarymanagement-core_2.12-1.2.4-sources.jar ...
2023.04.01 17:53:15 INFO  [info] 	[SUCCESSFUL ] org.scala-sbt#completion_2.12;1.2.8!completion_2.12.jar(src) (707ms)
2023.04.01 17:53:15 INFO  [info] 	[SUCCESSFUL ] org.scala-lang.modules#scala-xml_2.12;1.0.6!scala-xml_2.12.jar(src) (589ms)
2023.04.01 17:53:15 INFO  [info] 	[SUCCESSFUL ] org.scala-sbt#zinc-compile_2.12;1.2.5!zinc-compile_2.12.jar(src) (380ms)
2023.04.01 17:53:15 INFO  [info] downloading https://repo1.maven.org/maven2/org/scala-sbt/zinc-classpath_2.12/1.2.5/zinc-classpath_2.12-1.2.5-sources.jar ...
2023.04.01 17:53:15 INFO  [info] 	[SUCCESSFUL ] org.scala-sbt#librarymanagement-core_2.12;1.2.4!librarymanagement-core_2.12.jar(src) (437ms)
2023.04.01 17:53:15 INFO  [info] downloading https://repo1.maven.org/maven2/com/squareup/okio/okio/1.12.0/okio-1.12.0-sources.jar ...
2023.04.01 17:53:16 INFO  [info] 	[SUCCESSFUL ] org.scala-sbt#zinc-classpath_2.12;1.2.5!zinc-classpath_2.12.jar(src) (236ms)
2023.04.01 17:53:16 INFO  [info] 	[SUCCESSFUL ] com.squareup.okio#okio;1.12.0!okio.jar(src) (214ms)
2023.04.01 17:53:16 INFO  [info] downloading https://repo1.maven.org/maven2/org/scala-sbt/run_2.12/1.2.8/run_2.12-1.2.8-sources.jar ...
2023.04.01 17:53:16 INFO  [info] 	[SUCCESSFUL ] org.scala-sbt#run_2.12;1.2.8!run_2.12.jar(src) (111ms)
2023.04.01 17:53:16 INFO  [info] downloading https://repo1.maven.org/maven2/com/eed3si9n/sjson-new-scalajson_2.12/0.8.2/sjson-new-scalajson_2.12-0.8.2-sources.jar ...
2023.04.01 17:53:16 INFO  [info] 	[SUCCESSFUL ] com.eed3si9n#sjson-new-scalajson_2.12;0.8.2!sjson-new-scalajson_2.12.jar(src) (256ms)
2023.04.01 17:53:16 INFO  [info] downloading https://repo1.maven.org/maven2/com/eed3si9n/gigahorse-okhttp_2.12/0.3.0/gigahorse-okhttp_2.12-0.3.0-sources.jar ...
2023.04.01 17:53:16 INFO  [info] downloading https://repo1.maven.org/maven2/org/scala-lang/modules/scala-parser-combinators_2.12/1.0.5/scala-parser-combinators_2.12-1.0.5-sources.jar ...
2023.04.01 17:53:16 INFO  [info] 	[SUCCESSFUL ] com.eed3si9n#gigahorse-okhttp_2.12;0.3.0!gigahorse-okhttp_2.12.jar(src) (189ms)
2023.04.01 17:53:16 INFO  [info] 	[SUCCESSFUL ] org.scala-lang.modules#scala-parser-combinators_2.12;1.0.5!scala-parser-combinators_2.12.jar(src) (205ms)
2023.04.01 17:53:17 INFO  [info] downloading https://repo1.maven.org/maven2/com/squareup/okhttp3/okhttp/3.7.0/okhttp-3.7.0-sources.jar ...
2023.04.01 17:53:17 INFO  [info] downloading https://repo1.maven.org/maven2/com/swoval/apple-file-events/1.3.2/apple-file-events-1.3.2-sources.jar ...
2023.04.01 17:53:17 INFO  [info] downloading https://repo1.maven.org/maven2/org/scala-sbt/main-settings_2.12/1.2.8/main-settings_2.12-1.2.8-sources.jar ...
2023.04.01 17:53:17 INFO  [info] downloading https://repo1.maven.org/maven2/com/lihaoyi/fastparse-utils_2.12/0.4.2/fastparse-utils_2.12-0.4.2-sources.jar ...
2023.04.01 17:53:17 INFO  [info] 	[SUCCESSFUL ] com.squareup.okhttp3#okhttp;3.7.0!okhttp.jar(src) (164ms)
2023.04.01 17:53:17 INFO  [info] 	[SUCCESSFUL ] com.swoval#apple-file-events;1.3.2!apple-file-events.jar(src) (173ms)
2023.04.01 17:53:17 INFO  [info] 	[SUCCESSFUL ] com.lihaoyi#fastparse-utils_2.12;0.4.2!fastparse-utils_2.12.jar(src) (146ms)
2023.04.01 17:53:17 INFO  [info] downloading https://repo1.maven.org/maven2/com/typesafe/ssl-config-core_2.12/0.2.2/ssl-config-core_2.12-0.2.2-sources.jar ...
2023.04.01 17:53:17 INFO  [info] 	[SUCCESSFUL ] org.scala-sbt#main-settings_2.12;1.2.8!main-settings_2.12.jar(src) (247ms)
2023.04.01 17:53:17 INFO  [info] downloading https://repo1.maven.org/maven2/com/google/protobuf/protobuf-java/3.3.1/protobuf-java-3.3.1-sources.jar ...
2023.04.01 17:53:17 INFO  [info] 	[SUCCESSFUL ] com.typesafe#ssl-config-core_2.12;0.2.2!ssl-config-core_2.12.jar(src) (605ms)
2023.04.01 17:53:17 INFO  [info] downloading https://repo1.maven.org/maven2/com/trueaccord/lenses/lenses_2.12/0.4.12/lenses_2.12-0.4.12-sources.jar ...
2023.04.01 17:53:18 INFO  [info] downloading https://repo1.maven.org/maven2/org/scala-sbt/collections_2.12/1.2.8/collections_2.12-1.2.8-sources.jar ...
2023.04.01 17:53:18 INFO  [info] 	[SUCCESSFUL ] com.google.protobuf#protobuf-java;3.3.1!protobuf-java.jar(src) (843ms)
2023.04.01 17:53:18 INFO  [info] 	[SUCCESSFUL ] com.trueaccord.lenses#lenses_2.12;0.4.12!lenses_2.12.jar(src) (377ms)
2023.04.01 17:53:18 INFO  [info] downloading https://repo1.maven.org/maven2/com/google/code/gson/gson/2.7/gson-2.7-sources.jar ...
2023.04.01 17:53:18 INFO  [info] 	[SUCCESSFUL ] org.scala-sbt#collections_2.12;1.2.8!collections_2.12.jar(src) (214ms)
2023.04.01 17:53:18 INFO  [info] downloading https://repo1.maven.org/maven2/org/scala-sbt/zinc_2.12/1.2.5/zinc_2.12-1.2.5-sources.jar ...
2023.04.01 17:53:18 INFO  [info] 	[SUCCESSFUL ] com.google.code.gson#gson;2.7!gson.jar(src) (408ms)
2023.04.01 17:53:18 INFO  [info] 	[SUCCESSFUL ] org.scala-sbt#zinc_2.12;1.2.5!zinc_2.12.jar(src) (367ms)
2023.04.01 17:53:18 INFO  [info] downloading https://repo1.maven.org/maven2/org/slf4j/slf4j-api/1.7.25/slf4j-api-1.7.25-sources.jar ...
2023.04.01 17:53:18 INFO  [info] downloading https://repo1.maven.org/maven2/com/github/cb372/scalacache-core_2.12/0.20.0/scalacache-core_2.12-0.20.0-sources.jar ...
2023.04.01 17:53:18 INFO  [info] 	[SUCCESSFUL ] org.slf4j#slf4j-api;1.7.25!slf4j-api.jar(src) (159ms)
2023.04.01 17:53:18 INFO  [info] 	[SUCCESSFUL ] com.github.cb372#scalacache-core_2.12;0.20.0!scalacache-core_2.12.jar(src) (219ms)
2023.04.01 17:53:19 INFO  [info] downloading https://repo1.maven.org/maven2/org/scala-sbt/scripted-sbt-redux_2.12/1.2.8/scripted-sbt-redux_2.12-1.2.8-sources.jar ...
2023.04.01 17:53:19 INFO  [info] downloading https://repo1.maven.org/maven2/com/eed3si9n/sjson-new-murmurhash_2.12/0.8.2/sjson-new-murmurhash_2.12-0.8.2-sources.jar ...
2023.04.01 17:53:19 INFO  [info] downloading https://repo1.maven.org/maven2/org/scala-sbt/sbinary_2.12/0.5.0/sbinary_2.12-0.5.0-sources.jar ...
2023.04.01 17:53:19 INFO  [info] downloading https://repo1.maven.org/maven2/org/scala-sbt/testing_2.12/1.2.8/testing_2.12-1.2.8-sources.jar ...
2023.04.01 17:53:19 INFO  [info] 	[SUCCESSFUL ] org.scala-sbt#scripted-sbt-redux_2.12;1.2.8!scripted-sbt-redux_2.12.jar(src) (414ms)
2023.04.01 17:53:19 INFO  [info] 	[SUCCESSFUL ] org.scala-sbt#sbinary_2.12;0.5.0!sbinary_2.12.jar(src) (328ms)
2023.04.01 17:53:19 INFO  [info] downloading https://repo1.maven.org/maven2/org/scala-sbt/protocol_2.12/1.2.8/protocol_2.12-1.2.8-sources.jar ...
2023.04.01 17:53:19 INFO  [info] 	[SUCCESSFUL ] com.eed3si9n#sjson-new-murmurhash_2.12;0.8.2!sjson-new-murmurhash_2.12.jar(src) (329ms)
2023.04.01 17:53:19 INFO  [info] 	[SUCCESSFUL ] org.scala-sbt#testing_2.12;1.2.8!testing_2.12.jar(src) (260ms)
2023.04.01 17:53:19 INFO  [info] 	[SUCCESSFUL ] org.scala-sbt#protocol_2.12;1.2.8!protocol_2.12.jar(src) (224ms)
2023.04.01 17:53:19 INFO  [info] downloading https://repo1.maven.org/maven2/org/apache/logging/log4j/log4j-api/2.11.1/log4j-api-2.11.1-sources.jar ...
2023.04.01 17:53:19 INFO  [info] 	[SUCCESSFUL ] org.apache.logging.log4j#log4j-api;2.11.1!log4j-api.jar(src) (291ms)
2023.04.01 17:53:20 INFO  [info] downloading https://repo1.maven.org/maven2/com/lihaoyi/sourcecode_2.12/0.1.3/sourcecode_2.12-0.1.3-sources.jar ...
2023.04.01 17:53:20 INFO  [info] downloading https://repo1.maven.org/maven2/org/scala-sbt/util-control_2.12/1.2.4/util-control_2.12-1.2.4-sources.jar ...
2023.04.01 17:53:20 INFO  [info] 	[SUCCESSFUL ] com.lihaoyi#sourcecode_2.12;0.1.3!sourcecode_2.12.jar(src) (111ms)
2023.04.01 17:53:20 INFO  [info] downloading https://repo1.maven.org/maven2/net/java/dev/jna/jna-platform/4.5.0/jna-platform-4.5.0-sources.jar ...
2023.04.01 17:53:20 INFO  [info] 	[SUCCESSFUL ] org.scala-sbt#util-control_2.12;1.2.4!util-control_2.12.jar(src) (241ms)
2023.04.01 17:53:20 INFO  [info] downloading https://repo1.maven.org/maven2/org/scala-sbt/template-resolver/0.1/template-resolver-0.1-sources.jar ...
2023.04.01 17:53:20 INFO  [info] downloading https://repo1.maven.org/maven2/org/scala-sbt/main_2.12/1.2.8/main_2.12-1.2.8-sources.jar ...
2023.04.01 17:53:20 INFO  [info] downloading https://repo1.maven.org/maven2/org/scala-sbt/util-relation_2.12/1.2.4/util-relation_2.12-1.2.4-sources.jar ...
2023.04.01 17:53:20 INFO  [info] 	[SUCCESSFUL ] org.scala-sbt#template-resolver;0.1!template-resolver.jar(src) (520ms)
2023.04.01 17:53:20 INFO  [info] 	[SUCCESSFUL ] org.scala-sbt#util-relation_2.12;1.2.4!util-relation_2.12.jar(src) (222ms)
2023.04.01 17:53:20 INFO  [info] 	[SUCCESSFUL ] net.java.dev.jna#jna-platform;4.5.0!jna-platform.jar(src) (670ms)
2023.04.01 17:53:20 INFO  [info] 	[SUCCESSFUL ] org.scala-sbt#main_2.12;1.2.8!main_2.12.jar(src) (595ms)
2023.04.01 17:53:20 INFO  [info] downloading https://repo1.maven.org/maven2/org/scala-sbt/zinc-core_2.12/1.2.5/zinc-core_2.12-1.2.5-sources.jar ...
2023.04.01 17:53:21 INFO  [info] 	[SUCCESSFUL ] org.scala-sbt#zinc-core_2.12;1.2.5!zinc-core_2.12.jar(src) (107ms)
2023.04.01 17:53:21 INFO  [info] downloading https://repo1.maven.org/maven2/org/scala-sbt/zinc-classfile_2.12/1.2.5/zinc-classfile_2.12-1.2.5-sources.jar ...
2023.04.01 17:53:21 INFO  [info] downloading https://repo1.maven.org/maven2/org/scala-sbt/zinc-persist_2.12/1.2.5/zinc-persist_2.12-1.2.5-sources.jar ...
2023.04.01 17:53:21 INFO  [info] downloading https://repo1.maven.org/maven2/com/lmax/disruptor/3.4.2/disruptor-3.4.2-sources.jar ...
2023.04.01 17:53:21 INFO  [info] 	[SUCCESSFUL ] org.scala-sbt#zinc-classfile_2.12;1.2.5!zinc-classfile_2.12.jar(src) (294ms)
2023.04.01 17:53:21 INFO  [info] 	[SUCCESSFUL ] org.scala-sbt#zinc-persist_2.12;1.2.5!zinc-persist_2.12.jar(src) (295ms)
2023.04.01 17:53:21 INFO  [info] 	[SUCCESSFUL ] com.lmax#disruptor;3.4.2!disruptor.jar(src) (322ms)
2023.04.01 17:53:21 INFO  [info] downloading https://repo1.maven.org/maven2/org/scala-sbt/compiler-interface/1.2.5/compiler-interface-1.2.5-sources.jar ...
2023.04.01 17:53:21 INFO  [info] downloading https://repo1.maven.org/maven2/org/scala-sbt/librarymanagement-ivy_2.12/1.2.4/librarymanagement-ivy_2.12-1.2.4-sources.jar ...
2023.04.01 17:53:21 INFO  [info] downloading https://repo1.maven.org/maven2/org/scala-sbt/zinc-apiinfo_2.12/1.2.5/zinc-apiinfo_2.12-1.2.5-sources.jar ...
2023.04.01 17:53:21 INFO  [info] downloading https://repo1.maven.org/maven2/org/scala-lang/scala-reflect/2.12.7/scala-reflect-2.12.7-sources.jar ...
2023.04.01 17:53:21 INFO  [info] downloading https://repo1.maven.org/maven2/com/jcraft/jsch/0.1.54/jsch-0.1.54-sources.jar ...
2023.04.01 17:53:23 INFO  [info] 	[SUCCESSFUL ] org.scala-sbt#compiler-interface;1.2.5!compiler-interface.jar(src) (497ms)
2023.04.01 17:53:23 INFO  [info] 	[SUCCESSFUL ] org.scala-sbt#librarymanagement-ivy_2.12;1.2.4!librarymanagement-ivy_2.12.jar(src) (497ms)
2023.04.01 17:53:23 INFO  [info] downloading https://repo1.maven.org/maven2/org/scala-sbt/command_2.12/1.2.8/command_2.12-1.2.8-sources.jar ...
2023.04.01 17:53:23 INFO  [info] 	[SUCCESSFUL ] org.scala-sbt#zinc-apiinfo_2.12;1.2.5!zinc-apiinfo_2.12.jar(src) (586ms)
2023.04.01 17:53:23 INFO  [info] 	[SUCCESSFUL ] com.jcraft#jsch;0.1.54!jsch.jar(src) (510ms)
2023.04.01 17:53:23 INFO  [info] 	[SUCCESSFUL ] org.scala-lang#scala-reflect;2.12.7!scala-reflect.jar(src) (551ms)
2023.04.01 17:53:23 INFO  [info] 	[SUCCESSFUL ] org.scala-sbt#command_2.12;1.2.8!command_2.12.jar(src) (290ms)
2023.04.01 17:53:23 INFO  [info] downloading https://repo1.maven.org/maven2/org/scala-lang/scala-library/2.12.7/scala-library-2.12.7-sources.jar ...
2023.04.01 17:53:23 INFO  [info] downloading https://repo1.maven.org/maven2/org/scala-sbt/scripted-plugin_2.12/1.2.8/scripted-plugin_2.12-1.2.8-sources.jar ...
2023.04.01 17:53:23 INFO  [info] downloading https://repo1.maven.org/maven2/org/scala-sbt/util-interface/1.2.4/util-interface-1.2.4-sources.jar ...
2023.04.01 17:53:26 INFO  [info] downloading https://repo1.maven.org/maven2/jline/jline/2.14.6/jline-2.14.6-sources.jar ...
2023.04.01 17:53:26 INFO  [info] downloading https://repo1.maven.org/maven2/com/squareup/okhttp3/okhttp-urlconnection/3.7.0/okhttp-urlconnection-3.7.0-sources.jar ...
2023.04.01 17:53:26 INFO  [info] downloading https://repo1.maven.org/maven2/org/scala-sbt/util-logging_2.12/1.2.4/util-logging_2.12-1.2.4-sources.jar ...
2023.04.01 17:53:26 INFO  [info] 	[SUCCESSFUL ] org.scala-sbt#scripted-plugin_2.12;1.2.8!scripted-plugin_2.12.jar(src) (3391ms)
2023.04.01 17:53:26 INFO  [info] 	[SUCCESSFUL ] com.squareup.okhttp3#okhttp-urlconnection;3.7.0!okhttp-urlconnection.jar(src) (3308ms)
2023.04.01 17:53:26 INFO  [info] 	[SUCCESSFUL ] org.scala-lang#scala-library;2.12.7!scala-library.jar(src) (3548ms)
2023.04.01 17:53:26 INFO  [info] 	[SUCCESSFUL ] org.scala-sbt#util-interface;1.2.4!util-interface.jar(src) (3557ms)
2023.04.01 17:53:26 INFO  [info] 	[SUCCESSFUL ] jline#jline;2.14.6!jline.jar(src) (3372ms)
2023.04.01 17:53:26 INFO  [info] 	[SUCCESSFUL ] org.scala-sbt#util-logging_2.12;1.2.4!util-logging_2.12.jar(src) (245ms)
2023.04.01 17:53:28 INFO  [info] downloading https://repo1.maven.org/maven2/com/typesafe/config/1.2.0/config-1.2.0-sources.jar ...
2023.04.01 17:53:28 INFO  [info] downloading https://repo1.maven.org/maven2/com/trueaccord/scalapb/scalapb-runtime_2.12/0.6.0/scalapb-runtime_2.12-0.6.0-sources.jar ...
2023.04.01 17:53:28 INFO  [info] downloading https://repo1.maven.org/maven2/com/github/ben-manes/caffeine/caffeine/2.5.6/caffeine-2.5.6-sources.jar ...
2023.04.01 17:53:28 INFO  [info] downloading https://repo1.maven.org/maven2/org/scala-sbt/util-cache_2.12/1.2.4/util-cache_2.12-1.2.4-sources.jar ...
2023.04.01 17:53:28 INFO  [info] downloading https://repo1.maven.org/maven2/org/scala-sbt/test-agent/1.2.8/test-agent-1.2.8-sources.jar ...
2023.04.01 17:53:28 INFO  [info] downloading https://repo1.maven.org/maven2/ch/epfl/scala/sbt-bloop_2.12_1.0/1.4.6/sbt-bloop-1.4.6-sources.jar ...
2023.04.01 17:53:28 INFO  [info] 	[SUCCESSFUL ] com.typesafe#config;1.2.0!config.jar(src) (775ms)
2023.04.01 17:53:28 INFO  [info] 	[SUCCESSFUL ] org.scala-sbt#util-cache_2.12;1.2.4!util-cache_2.12.jar(src) (673ms)
2023.04.01 17:53:28 INFO  [info] 	[SUCCESSFUL ] com.github.ben-manes.caffeine#caffeine;2.5.6!caffeine.jar(src) (713ms)
2023.04.01 17:53:28 INFO  [info] 	[SUCCESSFUL ] com.trueaccord.scalapb#scalapb-runtime_2.12;0.6.0!scalapb-runtime_2.12.jar(src) (704ms)
2023.04.01 17:53:28 INFO  [info] 	[SUCCESSFUL ] ch.epfl.scala#sbt-bloop;1.4.6!sbt-bloop.jar(src) (282ms)
2023.04.01 17:53:28 INFO  [info] 	[SUCCESSFUL ] org.scala-sbt#test-agent;1.2.8!test-agent.jar(src) (298ms)
2023.04.01 17:53:29 INFO  [info] downloading https://repo1.maven.org/maven2/org/scala-sbt/test-interface/1.0/test-interface-1.0-sources.jar ...
2023.04.01 17:53:29 INFO  [info] downloading https://repo1.maven.org/maven2/com/lihaoyi/fastparse_2.12/0.4.2/fastparse_2.12-0.4.2-sources.jar ...
2023.04.01 17:53:29 INFO  [info] downloading https://repo1.maven.org/maven2/org/scala-sbt/util-scripted_2.12/1.2.4/util-scripted_2.12-1.2.4-sources.jar ...
2023.04.01 17:53:29 INFO  [info] downloading https://repo1.maven.org/maven2/com/github/cb372/scalacache-caffeine_2.12/0.20.0/scalacache-caffeine_2.12-0.20.0-sources.jar ...
2023.04.01 17:53:29 INFO  [info] downloading https://repo1.maven.org/maven2/org/scala-sbt/ivy/ivy/2.3.0-sbt-cb9cc189e9f3af519f9f102e6c5d446488ff6832/ivy-2.3.0-sbt-cb9cc189e9f3af519f9f102e6c5d446488ff6832-sources.jar ...
2023.04.01 17:53:29 INFO  [info] 	[SUCCESSFUL ] org.scala-sbt#test-interface;1.0!test-interface.jar(src) (334ms)
2023.04.01 17:53:29 INFO  [info] 	[SUCCESSFUL ] com.lihaoyi#fastparse_2.12;0.4.2!fastparse_2.12.jar(src) (448ms)
2023.04.01 17:53:29 INFO  [info] downloading https://repo1.maven.org/maven2/org/scala-sbt/actions_2.12/1.2.8/actions_2.12-1.2.8-sources.jar ...
2023.04.01 17:53:29 INFO  [info] 	[SUCCESSFUL ] org.scala-sbt#util-scripted_2.12;1.2.4!util-scripted_2.12.jar(src) (668ms)
2023.04.01 17:53:29 INFO  [info] 	[SUCCESSFUL ] com.github.cb372#scalacache-caffeine_2.12;0.20.0!scalacache-caffeine_2.12.jar(src) (718ms)
2023.04.01 17:53:29 INFO  [info] 	[SUCCESSFUL ] org.scala-sbt#actions_2.12;1.2.8!actions_2.12.jar(src) (430ms)
2023.04.01 17:53:30 INFO  [info] 	[SUCCESSFUL ] org.scala-sbt.ivy#ivy;2.3.0-sbt-cb9cc189e9f3af519f9f102e6c5d446488ff6832!ivy.jar(src) (926ms)
2023.04.01 17:53:30 INFO  [info] downloading https://repo1.maven.org/maven2/org/reactivestreams/reactive-streams/1.0.0/reactive-streams-1.0.0-sources.jar ...
2023.04.01 17:53:30 INFO  [info] 	[SUCCESSFUL ] org.reactivestreams#reactive-streams;1.0.0!reactive-streams.jar(src) (87ms)
2023.04.01 17:53:30 INFO  [info] downloading https://repo1.maven.org/maven2/com/eed3si9n/sjson-new-core_2.12/0.8.2/sjson-new-core_2.12-0.8.2-sources.jar ...
2023.04.01 17:53:30 INFO  [info] 	[SUCCESSFUL ] com.eed3si9n#sjson-new-core_2.12;0.8.2!sjson-new-core_2.12.jar(src) (230ms)
2023.04.01 17:53:30 INFO  [info] downloading https://repo1.maven.org/maven2/org/scala-sbt/util-tracking_2.12/1.2.4/util-tracking_2.12-1.2.4-sources.jar ...
2023.04.01 17:53:30 INFO  [info] 	[SUCCESSFUL ] org.scala-sbt#util-tracking_2.12;1.2.4!util-tracking_2.12.jar(src) (170ms)
2023.04.01 17:53:30 INFO  [success] Generated .bloop/compiler-build.json
2023.04.01 17:53:30 INFO  [success] Total time: 25 s, completed Apr 1, 2023 5:53:31 PM
2023.04.01 17:53:33 INFO  [info] Loading settings for project cmScala from build.sbt ...
2023.04.01 17:53:33 INFO  [info] Set current project to CMScala-compiler (in build file:/Users/bharathvemula/Purdue/cs502/proj6/compiler/)
2023.04.01 17:53:33 INFO  [info] downloading https://repo1.maven.org/maven2/junit/junit/4.11/junit-4.11-sources.jar ...
2023.04.01 17:53:33 INFO  [info] downloading https://repo1.maven.org/maven2/org/hamcrest/hamcrest-core/1.3/hamcrest-core-1.3-sources.jar ...
2023.04.01 17:53:33 INFO  [info] downloading https://repo1.maven.org/maven2/org/fusesource/jansi/jansi/1.12/jansi-1.12-sources.jar ...
2023.04.01 17:53:33 INFO  [info] downloading https://repo1.maven.org/maven2/com/novocode/junit-interface/0.11/junit-interface-0.11-sources.jar ...
2023.04.01 17:53:33 INFO  [info] downloading https://repo1.maven.org/maven2/org/scala-lang/scala-library/2.12.10/scala-library-2.12.10-sources.jar ...
2023.04.01 17:53:33 INFO  [info] downloading https://repo1.maven.org/maven2/org/scala-lang/scala-reflect/2.12.10/scala-reflect-2.12.10-sources.jar ...
2023.04.01 17:53:33 INFO  [info] 	[SUCCESSFUL ] org.hamcrest#hamcrest-core;1.3!hamcrest-core.jar(src) (732ms)
2023.04.01 17:53:34 INFO  [info] 	[SUCCESSFUL ] org.fusesource.jansi#jansi;1.12!jansi.jar(src) (854ms)
2023.04.01 17:53:34 INFO  [info] 	[SUCCESSFUL ] junit#junit;4.11!junit.jar(src) (857ms)
2023.04.01 17:53:34 INFO  [info] downloading https://repo1.maven.org/maven2/org/scala-lang/scala-compiler/2.12.10/scala-compiler-2.12.10-sources.jar ...
2023.04.01 17:53:34 INFO  [info] 	[SUCCESSFUL ] com.novocode#junit-interface;0.11!junit-interface.jar(src) (983ms)
2023.04.01 17:53:34 INFO  [info] 	[SUCCESSFUL ] org.scala-lang#scala-reflect;2.12.10!scala-reflect.jar(src) (1190ms)
2023.04.01 17:53:35 INFO  [info] 	[SUCCESSFUL ] org.scala-lang#scala-library;2.12.10!scala-library.jar(src) (1860ms)
2023.04.01 17:53:35 INFO  [info] 	[SUCCESSFUL ] org.scala-lang#scala-compiler;2.12.10!scala-compiler.jar(src) (1543ms)
2023.04.01 17:53:35 INFO  [success] Generated .bloop/cmScala.json
2023.04.01 17:53:35 INFO  [success] Generated .bloop/cmScala-test.json
2023.04.01 17:53:35 INFO  [success] Total time: 2 s, completed Apr 1, 2023 5:53:35 PM
2023.04.01 17:53:36 INFO  time: ran 'sbt bloopInstall' in 49s
2023.04.01 17:53:36 INFO  Attempting to connect to the build server...
2023.04.01 17:53:36 INFO  Setting up current java home /Users/bharathvemula/.sdkman/candidates/java/current in /Users/bharathvemula/.bloop/bloop.json
2023.04.01 17:53:48 WARN  no build target for: /Users/bharathvemula/Purdue/cs502/proj6/compiler/src/miniscala/CPSOptimizer.scala
Apr 01, 2023 5:53:50 PM scala.meta.internal.pc.CompilerAccess handleError
SEVERE: NoDenotation.owner
java.lang.AssertionError: NoDenotation.owner
	at dotty.tools.dotc.core.SymDenotations$NoDenotation$.owner(SymDenotations.scala:2511)
	at dotty.tools.dotc.core.SymDenotations$SymDenotation.isSelfSym(SymDenotations.scala:680)
	at dotty.tools.dotc.semanticdb.ExtractSemanticDB$Extractor.traverse(ExtractSemanticDB.scala:157)
	at dotty.tools.dotc.ast.Trees$Instance$TreeTraverser.apply(Trees.scala:1657)
	at dotty.tools.dotc.ast.Trees$Instance$TreeTraverser.apply(Trees.scala:1657)
	at dotty.tools.dotc.ast.Trees$Instance$TreeAccumulator.fold$1(Trees.scala:1529)
	at dotty.tools.dotc.ast.Trees$Instance$TreeAccumulator.apply(Trees.scala:1531)
	at dotty.tools.dotc.ast.Trees$Instance$TreeAccumulator.foldOver(Trees.scala:1562)
	at dotty.tools.dotc.ast.Trees$Instance$TreeTraverser.traverseChildren(Trees.scala:1658)
	at dotty.tools.dotc.semanticdb.ExtractSemanticDB$Extractor.traverse(ExtractSemanticDB.scala:278)
	at dotty.tools.dotc.ast.Trees$Instance$TreeTraverser.apply(Trees.scala:1657)
	at dotty.tools.dotc.ast.Trees$Instance$TreeTraverser.apply(Trees.scala:1657)
	at dotty.tools.dotc.ast.Trees$Instance$TreeAccumulator.foldOver(Trees.scala:1570)
	at dotty.tools.dotc.ast.Trees$Instance$TreeTraverser.traverseChildren(Trees.scala:1658)
	at dotty.tools.dotc.semanticdb.ExtractSemanticDB$Extractor.traverse(ExtractSemanticDB.scala:278)
	at dotty.tools.dotc.ast.Trees$Instance$TreeTraverser.apply(Trees.scala:1657)
	at dotty.tools.dotc.ast.Trees$Instance$TreeTraverser.apply(Trees.scala:1657)
	at dotty.tools.dotc.ast.Trees$Instance$TreeAccumulator.fold$1(Trees.scala:1529)
	at dotty.tools.dotc.ast.Trees$Instance$TreeAccumulator.apply(Trees.scala:1531)
	at dotty.tools.dotc.ast.Trees$Instance$TreeAccumulator.foldOver(Trees.scala:1568)
	at dotty.tools.dotc.ast.Trees$Instance$TreeTraverser.traverseChildren(Trees.scala:1658)
	at dotty.tools.dotc.semanticdb.ExtractSemanticDB$Extractor.traverse(ExtractSemanticDB.scala:278)
	at dotty.tools.dotc.semanticdb.ExtractSemanticDB$Extractor.traverse$$anonfun$13(ExtractSemanticDB.scala:218)
	at scala.runtime.function.JProcedure1.apply(JProcedure1.java:15)
	at scala.runtime.function.JProcedure1.apply(JProcedure1.java:10)
	at scala.collection.immutable.List.foreach(List.scala:333)
	at dotty.tools.dotc.semanticdb.ExtractSemanticDB$Extractor.traverse(ExtractSemanticDB.scala:218)
	at dotty.tools.dotc.ast.Trees$Instance$TreeTraverser.apply(Trees.scala:1657)
	at dotty.tools.dotc.ast.Trees$Instance$TreeTraverser.apply(Trees.scala:1657)
	at dotty.tools.dotc.ast.Trees$Instance$TreeAccumulator.foldOver(Trees.scala:1613)
	at dotty.tools.dotc.ast.Trees$Instance$TreeTraverser.traverseChildren(Trees.scala:1658)
	at dotty.tools.dotc.semanticdb.ExtractSemanticDB$Extractor.traverse(ExtractSemanticDB.scala:181)
	at dotty.tools.dotc.ast.Trees$Instance$TreeTraverser.apply(Trees.scala:1657)
	at dotty.tools.dotc.ast.Trees$Instance$TreeTraverser.apply(Trees.scala:1657)
	at dotty.tools.dotc.ast.Trees$Instance$TreeAccumulator.fold$1(Trees.scala:1529)
	at dotty.tools.dotc.ast.Trees$Instance$TreeAccumulator.apply(Trees.scala:1531)
	at dotty.tools.dotc.ast.Trees$Instance$TreeAccumulator.foldOver(Trees.scala:1562)
	at dotty.tools.dotc.ast.Trees$Instance$TreeTraverser.traverseChildren(Trees.scala:1658)
	at dotty.tools.dotc.semanticdb.ExtractSemanticDB$Extractor.traverse(ExtractSemanticDB.scala:278)
	at dotty.tools.dotc.ast.Trees$Instance$TreeTraverser.apply(Trees.scala:1657)
	at dotty.tools.dotc.ast.Trees$Instance$TreeTraverser.apply(Trees.scala:1657)
	at dotty.tools.dotc.ast.Trees$Instance$TreeAccumulator.foldOver(Trees.scala:1617)
	at dotty.tools.dotc.ast.Trees$Instance$TreeTraverser.traverseChildren(Trees.scala:1658)
	at dotty.tools.dotc.semanticdb.ExtractSemanticDB$Extractor.traverse(ExtractSemanticDB.scala:181)
	at dotty.tools.dotc.semanticdb.ExtractSemanticDB$Extractor.traverse$$anonfun$11(ExtractSemanticDB.scala:204)
	at scala.runtime.function.JProcedure1.apply(JProcedure1.java:15)
	at scala.runtime.function.JProcedure1.apply(JProcedure1.java:10)
	at scala.collection.immutable.List.foreach(List.scala:333)
	at dotty.tools.dotc.semanticdb.ExtractSemanticDB$Extractor.traverse(ExtractSemanticDB.scala:204)
	at dotty.tools.dotc.ast.Trees$Instance$TreeTraverser.apply(Trees.scala:1657)
	at dotty.tools.dotc.ast.Trees$Instance$TreeTraverser.apply(Trees.scala:1657)
	at dotty.tools.dotc.ast.Trees$Instance$TreeAccumulator.foldOver(Trees.scala:1621)
	at dotty.tools.dotc.ast.Trees$Instance$TreeAccumulator.foldOver(Trees.scala:1535)
	at dotty.tools.dotc.ast.Trees$Instance$TreeTraverser.traverseChildren(Trees.scala:1658)
	at dotty.tools.dotc.semanticdb.ExtractSemanticDB$Extractor.traverse(ExtractSemanticDB.scala:178)
	at dotty.tools.dotc.semanticdb.ExtractSemanticDB$Extractor.traverse$$anonfun$1(ExtractSemanticDB.scala:142)
	at scala.runtime.function.JProcedure1.apply(JProcedure1.java:15)
	at scala.runtime.function.JProcedure1.apply(JProcedure1.java:10)
	at scala.collection.immutable.List.foreach(List.scala:333)
	at dotty.tools.dotc.semanticdb.ExtractSemanticDB$Extractor.traverse(ExtractSemanticDB.scala:142)
	at scala.meta.internal.pc.SemanticdbTextDocumentProvider.textDocument(SemanticdbTextDocumentProvider.scala:39)

Apr 01, 2023 5:53:50 PM scala.meta.internal.pc.CompilerAccess handleError
SEVERE: NoDenotation.owner
java.lang.AssertionError: NoDenotation.owner
	at dotty.tools.dotc.core.SymDenotations$NoDenotation$.owner(SymDenotations.scala:2511)
	at dotty.tools.dotc.core.SymDenotations$SymDenotation.isSelfSym(SymDenotations.scala:680)
	at dotty.tools.dotc.semanticdb.ExtractSemanticDB$Extractor.traverse(ExtractSemanticDB.scala:157)
	at dotty.tools.dotc.ast.Trees$Instance$TreeTraverser.apply(Trees.scala:1657)
	at dotty.tools.dotc.ast.Trees$Instance$TreeTraverser.apply(Trees.scala:1657)
	at dotty.tools.dotc.ast.Trees$Instance$TreeAccumulator.fold$1(Trees.scala:1529)
	at dotty.tools.dotc.ast.Trees$Instance$TreeAccumulator.apply(Trees.scala:1531)
	at dotty.tools.dotc.ast.Trees$Instance$TreeAccumulator.foldOver(Trees.scala:1562)
	at dotty.tools.dotc.ast.Trees$Instance$TreeTraverser.traverseChildren(Trees.scala:1658)
	at dotty.tools.dotc.semanticdb.ExtractSemanticDB$Extractor.traverse(ExtractSemanticDB.scala:278)
	at dotty.tools.dotc.ast.Trees$Instance$TreeTraverser.apply(Trees.scala:1657)
	at dotty.tools.dotc.ast.Trees$Instance$TreeTraverser.apply(Trees.scala:1657)
	at dotty.tools.dotc.ast.Trees$Instance$TreeAccumulator.foldOver(Trees.scala:1570)
	at dotty.tools.dotc.ast.Trees$Instance$TreeTraverser.traverseChildren(Trees.scala:1658)
	at dotty.tools.dotc.semanticdb.ExtractSemanticDB$Extractor.traverse(ExtractSemanticDB.scala:278)
	at dotty.tools.dotc.ast.Trees$Instance$TreeTraverser.apply(Trees.scala:1657)
	at dotty.tools.dotc.ast.Trees$Instance$TreeTraverser.apply(Trees.scala:1657)
	at dotty.tools.dotc.ast.Trees$Instance$TreeAccumulator.fold$1(Trees.scala:1529)
	at dotty.tools.dotc.ast.Trees$Instance$TreeAccumulator.apply(Trees.scala:1531)
	at dotty.tools.dotc.ast.Trees$Instance$TreeAccumulator.foldOver(Trees.scala:1568)
	at dotty.tools.dotc.ast.Trees$Instance$TreeTraverser.traverseChildren(Trees.scala:1658)
	at dotty.tools.dotc.semanticdb.ExtractSemanticDB$Extractor.traverse(ExtractSemanticDB.scala:278)
	at dotty.tools.dotc.semanticdb.ExtractSemanticDB$Extractor.traverse$$anonfun$13(ExtractSemanticDB.scala:218)
	at scala.runtime.function.JProcedure1.apply(JProcedure1.java:15)
	at scala.runtime.function.JProcedure1.apply(JProcedure1.java:10)
	at scala.collection.immutable.List.foreach(List.scala:333)
	at dotty.tools.dotc.semanticdb.ExtractSemanticDB$Extractor.traverse(ExtractSemanticDB.scala:218)
	at dotty.tools.dotc.ast.Trees$Instance$TreeTraverser.apply(Trees.scala:1657)
	at dotty.tools.dotc.ast.Trees$Instance$TreeTraverser.apply(Trees.scala:1657)
	at dotty.tools.dotc.ast.Trees$Instance$TreeAccumulator.foldOver(Trees.scala:1613)
	at dotty.tools.dotc.ast.Trees$Instance$TreeTraverser.traverseChildren(Trees.scala:1658)
	at dotty.tools.dotc.semanticdb.ExtractSemanticDB$Extractor.traverse(ExtractSemanticDB.scala:181)
	at dotty.tools.dotc.ast.Trees$Instance$TreeTraverser.apply(Trees.scala:1657)
	at dotty.tools.dotc.ast.Trees$Instance$TreeTraverser.apply(Trees.scala:1657)
	at dotty.tools.dotc.ast.Trees$Instance$TreeAccumulator.fold$1(Trees.scala:1529)
	at dotty.tools.dotc.ast.Trees$Instance$TreeAccumulator.apply(Trees.scala:1531)
	at dotty.tools.dotc.ast.Trees$Instance$TreeAccumulator.foldOver(Trees.scala:1562)
	at dotty.tools.dotc.ast.Trees$Instance$TreeTraverser.traverseChildren(Trees.scala:1658)
	at dotty.tools.dotc.semanticdb.ExtractSemanticDB$Extractor.traverse(ExtractSemanticDB.scala:278)
	at dotty.tools.dotc.ast.Trees$Instance$TreeTraverser.apply(Trees.scala:1657)
	at dotty.tools.dotc.ast.Trees$Instance$TreeTraverser.apply(Trees.scala:1657)
	at dotty.tools.dotc.ast.Trees$Instance$TreeAccumulator.foldOver(Trees.scala:1617)
	at dotty.tools.dotc.ast.Trees$Instance$TreeTraverser.traverseChildren(Trees.scala:1658)
	at dotty.tools.dotc.semanticdb.ExtractSemanticDB$Extractor.traverse(ExtractSemanticDB.scala:181)
	at dotty.tools.dotc.semanticdb.ExtractSemanticDB$Extractor.traverse$$anonfun$11(ExtractSemanticDB.scala:204)
	at scala.runtime.function.JProcedure1.apply(JProcedure1.java:15)
	at scala.runtime.function.JProcedure1.apply(JProcedure1.java:10)
	at scala.collection.immutable.List.foreach(List.scala:333)
	at dotty.tools.dotc.semanticdb.ExtractSemanticDB$Extractor.traverse(ExtractSemanticDB.scala:204)
	at dotty.tools.dotc.ast.Trees$Instance$TreeTraverser.apply(Trees.scala:1657)
	at dotty.tools.dotc.ast.Trees$Instance$TreeTraverser.apply(Trees.scala:1657)
	at dotty.tools.dotc.ast.Trees$Instance$TreeAccumulator.foldOver(Trees.scala:1621)
	at dotty.tools.dotc.ast.Trees$Instance$TreeAccumulator.foldOver(Trees.scala:1535)
	at dotty.tools.dotc.ast.Trees$Instance$TreeTraverser.traverseChildren(Trees.scala:1658)
	at dotty.tools.dotc.semanticdb.ExtractSemanticDB$Extractor.traverse(ExtractSemanticDB.scala:178)
	at dotty.tools.dotc.semanticdb.ExtractSemanticDB$Extractor.traverse$$anonfun$1(ExtractSemanticDB.scala:142)
	at scala.runtime.function.JProcedure1.apply(JProcedure1.java:15)
	at scala.runtime.function.JProcedure1.apply(JProcedure1.java:10)
	at scala.collection.immutable.List.foreach(List.scala:333)
	at dotty.tools.dotc.semanticdb.ExtractSemanticDB$Extractor.traverse(ExtractSemanticDB.scala:142)
	at scala.meta.internal.pc.SemanticdbTextDocumentProvider.textDocument(SemanticdbTextDocumentProvider.scala:39)

2023.04.01 17:53:50 INFO  time: code lens generation in 2.01s
Apr 01, 2023 5:54:05 PM org.eclipse.lsp4j.jsonrpc.services.GenericEndpoint notify
INFO: Unsupported notification method: $/setTrace
2023.04.01 17:54:12 INFO  tracing is disabled for protocol BSP, to enable tracing of incoming and outgoing JSON messages create an empty file at /Users/bharathvemula/Purdue/cs502/proj6/compiler/.metals/bsp.trace.json or /Users/bharathvemula/Library/Caches/org.scalameta.metals/bsp.trace.json
2023.04.01 17:54:20 INFO  Attempting to connect to the build server...
2023.04.01 17:54:20 INFO  Bloop uses /Users/bharathvemula/.sdkman/candidates/java/current defined at /Users/bharathvemula/.bloop/bloop.json
2023.04.01 17:54:20 INFO  tracing is disabled for protocol BSP, to enable tracing of incoming and outgoing JSON messages create an empty file at /Users/bharathvemula/Purdue/cs502/proj6/compiler/project/.metals/bsp.trace.json or /Users/bharathvemula/Library/Caches/org.scalameta.metals/bsp.trace.json
2023.04.01 17:54:20 INFO  time: Connected to build server in 44s
2023.04.01 17:54:20 INFO  Connected to Build server: Bloop v1.5.6
2023.04.01 17:54:21 ERROR Failed to fetch mtags for 2.12.7
Error downloading org.scalameta:mtags_2.12.7:0.11.11
  not found: /Users/bharathvemula/.ivy2/local/org.scalameta/mtags_2.12.7/0.11.11/ivys/ivy.xml
  not found: https://repo1.maven.org/maven2/org/scalameta/mtags_2.12.7/0.11.11/mtags_2.12.7-0.11.11.pom
  not found: /Users/bharathvemula/.ivy2/local/org.scalameta/mtags_2.12.7/0.11.11/ivys/ivy.xml
  not found: https://oss.sonatype.org/content/repositories/public/org/scalameta/mtags_2.12.7/0.11.11/mtags_2.12.7-0.11.11.pom
  not found: https://oss.sonatype.org/content/repositories/snapshots/org/scalameta/mtags_2.12.7/0.11.11/mtags_2.12.7-0.11.11.pom
2023.04.01 17:54:40 INFO  time: indexed workspace in 19s
2023.04.01 17:54:41 INFO  compiling cmscala (30 scala sources)
Apr 01, 2023 5:54:54 PM org.eclipse.lsp4j.jsonrpc.RemoteEndpoint handleCancellation
WARNING: Unmatched cancel notification for request id 25
Apr 01, 2023 5:54:57 PM org.eclipse.lsp4j.jsonrpc.services.GenericEndpoint notify
INFO: Unsupported notification method: $/setTrace
Apr 01, 2023 5:54:58 PM org.eclipse.lsp4j.jsonrpc.RemoteEndpoint handleCancellation
WARNING: Unmatched cancel notification for request id 30
2023.04.01 17:55:12 INFO  compiling cmscala-test (14 scala sources)
2023.04.01 17:55:13 INFO  time: compiled cmScala in 32s
2023.04.01 17:55:13 INFO  time: compiled cmScala-test in 1.78s
2023.04.01 17:55:25 WARN  no build target for: /Users/bharathvemula/Purdue/cs502/proj6/examples/makeAdder.scala
Apr 01, 2023 5:55:25 PM scala.meta.internal.pc.CompilerAccess handleError
SEVERE: file%3A%2F%2F%2FUsers%2Fbharathvemula%2FPurdue%2Fcs502%2Fproj6%2Fexamples%2FmakeAdder.scala:1: error: illegal start of definition val
val a = new Array[Int](1); 
^
file%3A%2F%2F%2FUsers%2Fbharathvemula%2FPurdue%2Fcs502%2Fproj6%2Fexamples%2FmakeAdder.scala:1: error: illegal start of definition val
val a = new Array[Int](1); 
^
	at scala.meta.internal.parsers.Reporter.syntaxError(Reporter.scala:16)
	at scala.meta.internal.parsers.Reporter.syntaxError$(Reporter.scala:16)
	at scala.meta.internal.parsers.Reporter$$anon$1.syntaxError(Reporter.scala:22)
	at scala.meta.internal.parsers.Reporter.syntaxError(Reporter.scala:17)
	at scala.meta.internal.parsers.Reporter.syntaxError$(Reporter.scala:17)
	at scala.meta.internal.parsers.Reporter$$anon$1.syntaxError(Reporter.scala:22)
	at scala.meta.internal.parsers.ScalametaParser.statSeqBuf(ScalametaParser.scala:4265)
	at scala.meta.internal.parsers.ScalametaParser.$anonfun$batchSource$14(ScalametaParser.scala:4476)
	at scala.Option.getOrElse(Option.scala:189)
	at scala.meta.internal.parsers.ScalametaParser.$anonfun$batchSource$1(ScalametaParser.scala:4476)
	at scala.meta.internal.parsers.ScalametaParser.atPos(ScalametaParser.scala:327)
	at scala.meta.internal.parsers.ScalametaParser.autoPos(ScalametaParser.scala:379)
	at scala.meta.internal.parsers.ScalametaParser.batchSource(ScalametaParser.scala:4431)
	at scala.meta.internal.parsers.ScalametaParser.$anonfun$source$1(ScalametaParser.scala:4424)
	at scala.meta.internal.parsers.ScalametaParser.atPos(ScalametaParser.scala:327)
	at scala.meta.internal.parsers.ScalametaParser.autoPos(ScalametaParser.scala:379)
	at scala.meta.internal.parsers.ScalametaParser.source(ScalametaParser.scala:4424)
	at scala.meta.internal.parsers.ScalametaParser.entrypointSource(ScalametaParser.scala:4429)
	at scala.meta.internal.parsers.ScalametaParser.parseSourceImpl(ScalametaParser.scala:129)
	at scala.meta.internal.parsers.ScalametaParser.$anonfun$parseSource$1(ScalametaParser.scala:126)
	at scala.meta.internal.parsers.ScalametaParser.parseRuleAfterBOF(ScalametaParser.scala:53)
	at scala.meta.internal.parsers.ScalametaParser.parseRule(ScalametaParser.scala:48)
	at scala.meta.internal.parsers.ScalametaParser.parseSource(ScalametaParser.scala:126)
	at scala.meta.parsers.Parse$.$anonfun$parseSource$1(Parse.scala:29)
	at scala.meta.parsers.Parse$$anon$1.apply(Parse.scala:36)
	at scala.meta.parsers.Api$XtensionParseDialectInput.parse(Api.scala:25)
	at scala.meta.internal.semanticdb.scalac.ParseOps$XtensionCompilationUnitSource.toSource(ParseOps.scala:17)
	at scala.meta.internal.semanticdb.scalac.TextDocumentOps$XtensionCompilationUnitDocument.toTextDocument(TextDocumentOps.scala:206)
	at scala.meta.internal.pc.SemanticdbTextDocumentProvider.textDocument(SemanticdbTextDocumentProvider.scala:54)

Apr 01, 2023 5:55:26 PM scala.meta.internal.pc.CompilerAccess handleError
SEVERE: file%3A%2F%2F%2FUsers%2Fbharathvemula%2FPurdue%2Fcs502%2Fproj6%2Fexamples%2FmakeAdder.scala:1: error: illegal start of definition val
val a = new Array[Int](1); 
^
file%3A%2F%2F%2FUsers%2Fbharathvemula%2FPurdue%2Fcs502%2Fproj6%2Fexamples%2FmakeAdder.scala:1: error: illegal start of definition val
val a = new Array[Int](1); 
^
	at scala.meta.internal.parsers.Reporter.syntaxError(Reporter.scala:16)
	at scala.meta.internal.parsers.Reporter.syntaxError$(Reporter.scala:16)
	at scala.meta.internal.parsers.Reporter$$anon$1.syntaxError(Reporter.scala:22)
	at scala.meta.internal.parsers.Reporter.syntaxError(Reporter.scala:17)
	at scala.meta.internal.parsers.Reporter.syntaxError$(Reporter.scala:17)
	at scala.meta.internal.parsers.Reporter$$anon$1.syntaxError(Reporter.scala:22)
	at scala.meta.internal.parsers.ScalametaParser.statSeqBuf(ScalametaParser.scala:4265)
	at scala.meta.internal.parsers.ScalametaParser.$anonfun$batchSource$14(ScalametaParser.scala:4476)
	at scala.Option.getOrElse(Option.scala:189)
	at scala.meta.internal.parsers.ScalametaParser.$anonfun$batchSource$1(ScalametaParser.scala:4476)
	at scala.meta.internal.parsers.ScalametaParser.atPos(ScalametaParser.scala:327)
	at scala.meta.internal.parsers.ScalametaParser.autoPos(ScalametaParser.scala:379)
	at scala.meta.internal.parsers.ScalametaParser.batchSource(ScalametaParser.scala:4431)
	at scala.meta.internal.parsers.ScalametaParser.$anonfun$source$1(ScalametaParser.scala:4424)
	at scala.meta.internal.parsers.ScalametaParser.atPos(ScalametaParser.scala:327)
	at scala.meta.internal.parsers.ScalametaParser.autoPos(ScalametaParser.scala:379)
	at scala.meta.internal.parsers.ScalametaParser.source(ScalametaParser.scala:4424)
	at scala.meta.internal.parsers.ScalametaParser.entrypointSource(ScalametaParser.scala:4429)
	at scala.meta.internal.parsers.ScalametaParser.parseSourceImpl(ScalametaParser.scala:129)
	at scala.meta.internal.parsers.ScalametaParser.$anonfun$parseSource$1(ScalametaParser.scala:126)
	at scala.meta.internal.parsers.ScalametaParser.parseRuleAfterBOF(ScalametaParser.scala:53)
	at scala.meta.internal.parsers.ScalametaParser.parseRule(ScalametaParser.scala:48)
	at scala.meta.internal.parsers.ScalametaParser.parseSource(ScalametaParser.scala:126)
	at scala.meta.parsers.Parse$.$anonfun$parseSource$1(Parse.scala:29)
	at scala.meta.parsers.Parse$$anon$1.apply(Parse.scala:36)
	at scala.meta.parsers.Api$XtensionParseDialectInput.parse(Api.scala:25)
	at scala.meta.internal.semanticdb.scalac.ParseOps$XtensionCompilationUnitSource.toSource(ParseOps.scala:17)
	at scala.meta.internal.semanticdb.scalac.TextDocumentOps$XtensionCompilationUnitDocument.toTextDocument(TextDocumentOps.scala:206)
	at scala.meta.internal.pc.SemanticdbTextDocumentProvider.textDocument(SemanticdbTextDocumentProvider.scala:54)

2023.04.01 17:55:44 ERROR Failed to fetch mtags for 2.12.7
Error downloading org.scalameta:mtags_2.12.7:0.11.11
  not found: /Users/bharathvemula/.ivy2/local/org.scalameta/mtags_2.12.7/0.11.11/ivys/ivy.xml
  not found: https://repo1.maven.org/maven2/org/scalameta/mtags_2.12.7/0.11.11/mtags_2.12.7-0.11.11.pom
  not found: /Users/bharathvemula/.ivy2/local/org.scalameta/mtags_2.12.7/0.11.11/ivys/ivy.xml
  not found: https://oss.sonatype.org/content/repositories/public/org/scalameta/mtags_2.12.7/0.11.11/mtags_2.12.7-0.11.11.pom
  not found: https://oss.sonatype.org/content/repositories/snapshots/org/scalameta/mtags_2.12.7/0.11.11/mtags_2.12.7-0.11.11.pom
2023.04.01 17:55:44 WARN  unsupported Scala 2.12.7
2023.04.01 17:55:44 ERROR Failed to fetch mtags for 2.12.7
Error downloading org.scalameta:mtags_2.12.7:0.11.11
  not found: /Users/bharathvemula/.ivy2/local/org.scalameta/mtags_2.12.7/0.11.11/ivys/ivy.xml
  not found: https://repo1.maven.org/maven2/org/scalameta/mtags_2.12.7/0.11.11/mtags_2.12.7-0.11.11.pom
  not found: /Users/bharathvemula/.ivy2/local/org.scalameta/mtags_2.12.7/0.11.11/ivys/ivy.xml
  not found: https://oss.sonatype.org/content/repositories/public/org/scalameta/mtags_2.12.7/0.11.11/mtags_2.12.7-0.11.11.pom
  not found: https://oss.sonatype.org/content/repositories/snapshots/org/scalameta/mtags_2.12.7/0.11.11/mtags_2.12.7-0.11.11.pom
2023.04.01 17:55:44 WARN  unsupported Scala 2.12.7
2023.04.01 17:56:41 INFO  Configured debugger context in 1 second
2023.04.01 17:56:41 INFO  tracing is disabled for protocol dap-server, to enable tracing of incoming and outgoing JSON messages create an empty file at /Users/bharathvemula/Purdue/cs502/proj6/compiler/.metals/dap-server.trace.json or /Users/bharathvemula/Library/Caches/org.scalameta.metals/dap-server.trace.json
2023.04.01 17:56:41 INFO  tracing is disabled for protocol dap-client, to enable tracing of incoming and outgoing JSON messages create an empty file at /Users/bharathvemula/Purdue/cs502/proj6/compiler/.metals/dap-client.trace.json or /Users/bharathvemula/Library/Caches/org.scalameta.metals/dap-client.trace.json
2023.04.01 17:56:41 INFO  Starting debug proxy for [miniscala.Main]
2023.04.01 17:56:41 INFO  Trying to attach to remote debuggee VM localhost:61763 .
2023.04.01 17:56:41 INFO  Attaching to debuggee VM succeeded.
2023.04.01 17:58:30 INFO  Canceling debug proxy for [miniscala.Main]
2023.04.01 17:58:30 INFO  Closing debug server tcp://0.0.0.0:61760
Apr 01, 2023 5:58:37 PM org.eclipse.lsp4j.jsonrpc.RemoteEndpoint handleCancellation
WARNING: Unmatched cancel notification for request id 76
Apr 01, 2023 5:59:20 PM org.eclipse.lsp4j.jsonrpc.RemoteEndpoint handleCancellation
WARNING: Unmatched cancel notification for request id 119
2023.04.01 17:59:50 INFO  compiling cmscala (1 scala source)
2023.04.01 17:59:53 INFO  time: compiled cmScala in 2.9s
2023.04.01 17:59:56 INFO  Configured debugger context in 582 milliseconds
2023.04.01 17:59:56 INFO  tracing is disabled for protocol dap-server, to enable tracing of incoming and outgoing JSON messages create an empty file at /Users/bharathvemula/Purdue/cs502/proj6/compiler/.metals/dap-server.trace.json or /Users/bharathvemula/Library/Caches/org.scalameta.metals/dap-server.trace.json
2023.04.01 17:59:56 INFO  tracing is disabled for protocol dap-client, to enable tracing of incoming and outgoing JSON messages create an empty file at /Users/bharathvemula/Purdue/cs502/proj6/compiler/.metals/dap-client.trace.json or /Users/bharathvemula/Library/Caches/org.scalameta.metals/dap-client.trace.json
2023.04.01 17:59:56 INFO  Starting debug proxy for [miniscala.Main]
2023.04.01 17:59:56 INFO  Trying to attach to remote debuggee VM localhost:61805 .
2023.04.01 17:59:56 INFO  Attaching to debuggee VM succeeded.
2023.04.01 18:00:49 INFO  Canceling debug proxy for [miniscala.Main]
2023.04.01 18:00:49 INFO  Closing debug server tcp://0.0.0.0:61801
2023.04.01 18:01:58 INFO  Configured debugger context in 506 milliseconds
2023.04.01 18:01:58 INFO  tracing is disabled for protocol dap-server, to enable tracing of incoming and outgoing JSON messages create an empty file at /Users/bharathvemula/Purdue/cs502/proj6/compiler/.metals/dap-server.trace.json or /Users/bharathvemula/Library/Caches/org.scalameta.metals/dap-server.trace.json
2023.04.01 18:01:58 INFO  tracing is disabled for protocol dap-client, to enable tracing of incoming and outgoing JSON messages create an empty file at /Users/bharathvemula/Purdue/cs502/proj6/compiler/.metals/dap-client.trace.json or /Users/bharathvemula/Library/Caches/org.scalameta.metals/dap-client.trace.json
2023.04.01 18:01:58 INFO  Starting debug proxy for [miniscala.Main]
2023.04.01 18:01:58 INFO  Trying to attach to remote debuggee VM localhost:61822 .
2023.04.01 18:01:58 INFO  Attaching to debuggee VM succeeded.
2023.04.01 18:01:58 INFO  Canceling debug proxy for [miniscala.Main]
2023.04.01 18:01:58 INFO  Closing debug server tcp://0.0.0.0:61818
2023.04.01 18:02:27 INFO  Configured debugger context in 439 milliseconds
2023.04.01 18:02:27 INFO  tracing is disabled for protocol dap-server, to enable tracing of incoming and outgoing JSON messages create an empty file at /Users/bharathvemula/Purdue/cs502/proj6/compiler/.metals/dap-server.trace.json or /Users/bharathvemula/Library/Caches/org.scalameta.metals/dap-server.trace.json
2023.04.01 18:02:27 INFO  tracing is disabled for protocol dap-client, to enable tracing of incoming and outgoing JSON messages create an empty file at /Users/bharathvemula/Purdue/cs502/proj6/compiler/.metals/dap-client.trace.json or /Users/bharathvemula/Library/Caches/org.scalameta.metals/dap-client.trace.json
2023.04.01 18:02:27 INFO  Starting debug proxy for [miniscala.Main]
2023.04.01 18:02:27 INFO  Trying to attach to remote debuggee VM localhost:61836 .
2023.04.01 18:02:27 INFO  Attaching to debuggee VM succeeded.
2023.04.01 18:03:48 INFO  compiling cmscala (1 scala source)
2023.04.01 18:03:48 INFO  time: compiled cmScala in 0.27s
2023.04.01 18:03:59 INFO  compiling cmscala (1 scala source)
Exception in thread "pool-5-thread-1" java.lang.Error: java.lang.InterruptedException
	at java.util.concurrent.ThreadPoolExecutor.runWorker(ThreadPoolExecutor.java:1155)
	at java.util.concurrent.ThreadPoolExecutor$Worker.run(ThreadPoolExecutor.java:624)
	at java.lang.Thread.run(Thread.java:750)
Caused by: java.lang.InterruptedException
	at scala.meta.internal.metals.FutureCancelToken.checkCanceled(FutureCancelToken.scala:29)
	at scala.meta.internal.pc.CompilerAccess.$anonfun$onCompilerJobQueue$1(CompilerAccess.scala:195)
	at scala.meta.internal.pc.CompilerJobQueue$Job.run(CompilerJobQueue.scala:152)
	at java.util.concurrent.ThreadPoolExecutor.runWorker(ThreadPoolExecutor.java:1149)
	... 2 more
2023.04.01 18:03:59 INFO  time: compiled cmScala in 0.28s
2023.04.01 18:04:01 INFO  Canceling debug proxy for [miniscala.Main]
2023.04.01 18:04:01 INFO  Closing debug server tcp://0.0.0.0:61832
2023.04.01 18:04:02 INFO  compiling cmscala (1 scala source)
2023.04.01 18:04:02 INFO  time: compiled cmScala in 0.21s
Apr 01, 2023 6:04:14 PM org.eclipse.lsp4j.jsonrpc.RemoteEndpoint fallbackResponseError
SEVERE: Internal error: scala.meta.internal.metals.debug.DebugProvider$WorkspaceErrorsException$: Cannot run class, since the workspace has errors.
java.util.concurrent.CompletionException: scala.meta.internal.metals.debug.DebugProvider$WorkspaceErrorsException$: Cannot run class, since the workspace has errors.
	at java.util.concurrent.CompletableFuture.encodeThrowable(CompletableFuture.java:292)
	at java.util.concurrent.CompletableFuture.completeThrowable(CompletableFuture.java:308)
	at java.util.concurrent.CompletableFuture.uniAccept(CompletableFuture.java:661)
	at java.util.concurrent.CompletableFuture$UniAccept.tryFire(CompletableFuture.java:646)
	at java.util.concurrent.CompletableFuture.postComplete(CompletableFuture.java:488)
	at java.util.concurrent.CompletableFuture.completeExceptionally(CompletableFuture.java:1990)
	at scala.concurrent.java8.FuturesConvertersImpl$CF.apply(FutureConvertersImpl.scala:29)
	at scala.concurrent.java8.FuturesConvertersImpl$CF.apply(FutureConvertersImpl.scala:26)
	at scala.concurrent.impl.Promise$Transformation.run(Promise.scala:484)
	at scala.concurrent.ExecutionContext$parasitic$.execute(ExecutionContext.scala:222)
	at scala.concurrent.impl.Promise$Transformation.submitWithValue(Promise.scala:429)
	at scala.concurrent.impl.Promise$DefaultPromise.submitWithValue(Promise.scala:338)
	at scala.concurrent.impl.Promise$DefaultPromise.tryComplete0(Promise.scala:285)
	at scala.concurrent.impl.Promise$Transformation.run(Promise.scala:504)
	at java.util.concurrent.ThreadPoolExecutor.runWorker(ThreadPoolExecutor.java:1149)
	at java.util.concurrent.ThreadPoolExecutor$Worker.run(ThreadPoolExecutor.java:624)
	at java.lang.Thread.run(Thread.java:750)
Caused by: scala.meta.internal.metals.debug.DebugProvider$WorkspaceErrorsException$: Cannot run class, since the workspace has errors.
	at scala.meta.internal.metals.debug.DebugProvider$WorkspaceErrorsException$.<clinit>(DebugProvider.scala:916)
	at scala.meta.internal.metals.debug.DebugProvider.$anonfun$resolveMainClassParams$2(DebugProvider.scala:535)
	at scala.concurrent.impl.Promise$Transformation.run(Promise.scala:470)
	... 3 more

Apr 01, 2023 6:04:19 PM org.eclipse.lsp4j.jsonrpc.RemoteEndpoint fallbackResponseError
SEVERE: Internal error: scala.meta.internal.metals.debug.DebugProvider$WorkspaceErrorsException$: Cannot run class, since the workspace has errors.
java.util.concurrent.CompletionException: scala.meta.internal.metals.debug.DebugProvider$WorkspaceErrorsException$: Cannot run class, since the workspace has errors.
	at java.util.concurrent.CompletableFuture.encodeThrowable(CompletableFuture.java:292)
	at java.util.concurrent.CompletableFuture.completeThrowable(CompletableFuture.java:308)
	at java.util.concurrent.CompletableFuture.uniAccept(CompletableFuture.java:661)
	at java.util.concurrent.CompletableFuture$UniAccept.tryFire(CompletableFuture.java:646)
	at java.util.concurrent.CompletableFuture.postComplete(CompletableFuture.java:488)
	at java.util.concurrent.CompletableFuture.completeExceptionally(CompletableFuture.java:1990)
	at scala.concurrent.java8.FuturesConvertersImpl$CF.apply(FutureConvertersImpl.scala:29)
	at scala.concurrent.java8.FuturesConvertersImpl$CF.apply(FutureConvertersImpl.scala:26)
	at scala.concurrent.impl.Promise$Transformation.run(Promise.scala:484)
	at scala.concurrent.ExecutionContext$parasitic$.execute(ExecutionContext.scala:222)
	at scala.concurrent.impl.Promise$Transformation.submitWithValue(Promise.scala:429)
	at scala.concurrent.impl.Promise$DefaultPromise.submitWithValue(Promise.scala:338)
	at scala.concurrent.impl.Promise$DefaultPromise.tryComplete0(Promise.scala:285)
	at scala.concurrent.impl.Promise$Transformation.run(Promise.scala:504)
	at java.util.concurrent.ThreadPoolExecutor.runWorker(ThreadPoolExecutor.java:1149)
	at java.util.concurrent.ThreadPoolExecutor$Worker.run(ThreadPoolExecutor.java:624)
	at java.lang.Thread.run(Thread.java:750)
Caused by: scala.meta.internal.metals.debug.DebugProvider$WorkspaceErrorsException$: Cannot run class, since the workspace has errors.
	at scala.meta.internal.metals.debug.DebugProvider$WorkspaceErrorsException$.<clinit>(DebugProvider.scala:916)
	at scala.meta.internal.metals.debug.DebugProvider.$anonfun$resolveMainClassParams$2(DebugProvider.scala:535)
	at scala.concurrent.impl.Promise$Transformation.run(Promise.scala:470)
	... 3 more

2023.04.01 18:04:26 ERROR Failed to fetch mtags for 2.12.7
Error downloading org.scalameta:mtags_2.12.7:0.11.11
  not found: /Users/bharathvemula/.ivy2/local/org.scalameta/mtags_2.12.7/0.11.11/ivys/ivy.xml
  not found: https://repo1.maven.org/maven2/org/scalameta/mtags_2.12.7/0.11.11/mtags_2.12.7-0.11.11.pom
  not found: /Users/bharathvemula/.ivy2/local/org.scalameta/mtags_2.12.7/0.11.11/ivys/ivy.xml
  not found: https://oss.sonatype.org/content/repositories/public/org/scalameta/mtags_2.12.7/0.11.11/mtags_2.12.7-0.11.11.pom
  not found: https://oss.sonatype.org/content/repositories/snapshots/org/scalameta/mtags_2.12.7/0.11.11/mtags_2.12.7-0.11.11.pom
2023.04.01 18:04:26 WARN  unsupported Scala 2.12.7
Apr 01, 2023 6:04:26 PM org.eclipse.lsp4j.jsonrpc.RemoteEndpoint handleCancellation
WARNING: Unmatched cancel notification for request id 382
Apr 01, 2023 6:05:34 PM org.eclipse.lsp4j.jsonrpc.RemoteEndpoint fallbackResponseError
SEVERE: Internal error: scala.meta.internal.metals.debug.DebugProvider$WorkspaceErrorsException$: Cannot run class, since the workspace has errors.
java.util.concurrent.CompletionException: scala.meta.internal.metals.debug.DebugProvider$WorkspaceErrorsException$: Cannot run class, since the workspace has errors.
	at java.util.concurrent.CompletableFuture.encodeThrowable(CompletableFuture.java:292)
	at java.util.concurrent.CompletableFuture.completeThrowable(CompletableFuture.java:308)
	at java.util.concurrent.CompletableFuture.uniAccept(CompletableFuture.java:661)
	at java.util.concurrent.CompletableFuture$UniAccept.tryFire(CompletableFuture.java:646)
	at java.util.concurrent.CompletableFuture.postComplete(CompletableFuture.java:488)
	at java.util.concurrent.CompletableFuture.completeExceptionally(CompletableFuture.java:1990)
	at scala.concurrent.java8.FuturesConvertersImpl$CF.apply(FutureConvertersImpl.scala:29)
	at scala.concurrent.java8.FuturesConvertersImpl$CF.apply(FutureConvertersImpl.scala:26)
	at scala.concurrent.impl.Promise$Transformation.run(Promise.scala:484)
	at scala.concurrent.ExecutionContext$parasitic$.execute(ExecutionContext.scala:222)
	at scala.concurrent.impl.Promise$Transformation.submitWithValue(Promise.scala:429)
	at scala.concurrent.impl.Promise$DefaultPromise.submitWithValue(Promise.scala:338)
	at scala.concurrent.impl.Promise$DefaultPromise.tryComplete0(Promise.scala:285)
	at scala.concurrent.impl.Promise$Transformation.run(Promise.scala:504)
	at java.util.concurrent.ThreadPoolExecutor.runWorker(ThreadPoolExecutor.java:1149)
	at java.util.concurrent.ThreadPoolExecutor$Worker.run(ThreadPoolExecutor.java:624)
	at java.lang.Thread.run(Thread.java:750)
Caused by: scala.meta.internal.metals.debug.DebugProvider$WorkspaceErrorsException$: Cannot run class, since the workspace has errors.
	at scala.meta.internal.metals.debug.DebugProvider$WorkspaceErrorsException$.<clinit>(DebugProvider.scala:916)
	at scala.meta.internal.metals.debug.DebugProvider.$anonfun$resolveMainClassParams$2(DebugProvider.scala:535)
	at scala.concurrent.impl.Promise$Transformation.run(Promise.scala:470)
	... 3 more

2023.04.01 18:05:49 INFO  compiling cmscala (1 scala source)
2023.04.01 18:05:49 INFO  time: compiled cmScala in 0.61s
2023.04.01 18:05:54 INFO  compiling cmscala (1 scala source)
2023.04.01 18:05:56 INFO  time: compiled cmScala in 2.22s
2023.04.01 18:05:57 WARN  Could not load snapshot text for /Users/bharathvemula/Purdue/cs502/proj6/compiler/src/miniscala/CPSOptimizer.scala
2023.04.01 18:05:59 WARN  Could not load snapshot text for /Users/bharathvemula/Purdue/cs502/proj6/compiler/src/miniscala/CPSOptimizer.scala
2023.04.01 18:06:00 WARN  Could not load snapshot text for /Users/bharathvemula/Purdue/cs502/proj6/compiler/src/miniscala/CPSOptimizer.scala
2023.04.01 18:06:00 WARN  Could not load snapshot text for /Users/bharathvemula/Purdue/cs502/proj6/compiler/src/miniscala/CPSOptimizer.scala
2023.04.01 18:06:00 WARN  Could not load snapshot text for /Users/bharathvemula/Purdue/cs502/proj6/compiler/src/miniscala/CPSOptimizer.scala
2023.04.01 18:06:00 WARN  Could not load snapshot text for /Users/bharathvemula/Purdue/cs502/proj6/compiler/src/miniscala/CPSOptimizer.scala
2023.04.01 18:06:00 WARN  Could not load snapshot text for /Users/bharathvemula/Purdue/cs502/proj6/compiler/src/miniscala/CPSOptimizer.scala
2023.04.01 18:06:00 WARN  Could not load snapshot text for /Users/bharathvemula/Purdue/cs502/proj6/compiler/src/miniscala/CPSOptimizer.scala
2023.04.01 18:06:01 WARN  Using indexes to guess the definition of args
2023.04.01 18:06:01 WARN  Could not load snapshot text for /Users/bharathvemula/Purdue/cs502/proj6/compiler/src/miniscala/CPSOptimizer.scala
2023.04.01 18:06:02 INFO  Configured debugger context in 598 milliseconds
2023.04.01 18:06:02 INFO  tracing is disabled for protocol dap-server, to enable tracing of incoming and outgoing JSON messages create an empty file at /Users/bharathvemula/Purdue/cs502/proj6/compiler/.metals/dap-server.trace.json or /Users/bharathvemula/Library/Caches/org.scalameta.metals/dap-server.trace.json
2023.04.01 18:06:02 INFO  tracing is disabled for protocol dap-client, to enable tracing of incoming and outgoing JSON messages create an empty file at /Users/bharathvemula/Purdue/cs502/proj6/compiler/.metals/dap-client.trace.json or /Users/bharathvemula/Library/Caches/org.scalameta.metals/dap-client.trace.json
2023.04.01 18:06:02 INFO  Starting debug proxy for [miniscala.Main]
2023.04.01 18:06:02 INFO  Trying to attach to remote debuggee VM localhost:61875 .
2023.04.01 18:06:02 INFO  Attaching to debuggee VM succeeded.
2023.04.01 18:06:03 WARN  Could not load snapshot text for /Users/bharathvemula/Purdue/cs502/proj6/compiler/src/miniscala/CPSOptimizer.scala
2023.04.01 18:06:17 INFO  Canceling debug proxy for [miniscala.Main]
2023.04.01 18:06:17 INFO  Closing debug server tcp://0.0.0.0:61872
2023.04.01 18:06:27 WARN  Could not load snapshot text for /Users/bharathvemula/Purdue/cs502/proj6/compiler/src/miniscala/CPSOptimizer.scala
2023.04.01 18:06:27 WARN  Could not load snapshot text for /Users/bharathvemula/Purdue/cs502/proj6/compiler/src/miniscala/CPSOptimizer.scala
2023.04.01 18:06:27 WARN  Could not load snapshot text for /Users/bharathvemula/Purdue/cs502/proj6/compiler/src/miniscala/CPSOptimizer.scala
2023.04.01 18:06:27 WARN  Could not load snapshot text for /Users/bharathvemula/Purdue/cs502/proj6/compiler/src/miniscala/CPSOptimizer.scala
2023.04.01 18:06:27 WARN  Could not load snapshot text for /Users/bharathvemula/Purdue/cs502/proj6/compiler/src/miniscala/CPSOptimizer.scala
2023.04.01 18:06:27 WARN  Could not load snapshot text for /Users/bharathvemula/Purdue/cs502/proj6/compiler/src/miniscala/CPSOptimizer.scala
2023.04.01 18:06:27 WARN  Could not load snapshot text for /Users/bharathvemula/Purdue/cs502/proj6/compiler/src/miniscala/CPSOptimizer.scala
2023.04.01 18:06:27 WARN  Could not load snapshot text for /Users/bharathvemula/Purdue/cs502/proj6/compiler/src/miniscala/CPSOptimizer.scala
2023.04.01 18:06:27 WARN  Could not load snapshot text for /Users/bharathvemula/Purdue/cs502/proj6/compiler/src/miniscala/CPSOptimizer.scala
2023.04.01 18:06:27 WARN  Could not load snapshot text for /Users/bharathvemula/Purdue/cs502/proj6/compiler/src/miniscala/CPSOptimizer.scala
2023.04.01 18:06:27 WARN  Could not load snapshot text for /Users/bharathvemula/Purdue/cs502/proj6/compiler/src/miniscala/CPSOptimizer.scala
2023.04.01 18:06:27 WARN  Could not load snapshot text for /Users/bharathvemula/Purdue/cs502/proj6/compiler/src/miniscala/CPSOptimizer.scala
2023.04.01 18:06:27 WARN  Could not load snapshot text for /Users/bharathvemula/Purdue/cs502/proj6/compiler/src/miniscala/CPSOptimizer.scala
2023.04.01 18:06:27 WARN  Could not load snapshot text for /Users/bharathvemula/Purdue/cs502/proj6/compiler/src/miniscala/CPSOptimizer.scala
2023.04.01 18:06:27 WARN  Could not load snapshot text for /Users/bharathvemula/Purdue/cs502/proj6/compiler/src/miniscala/CPSOptimizer.scala
2023.04.01 18:06:43 WARN  Could not load snapshot text for /Users/bharathvemula/Purdue/cs502/proj6/compiler/src/miniscala/CPSOptimizer.scala
2023.04.01 18:06:43 WARN  Could not load snapshot text for /Users/bharathvemula/Purdue/cs502/proj6/compiler/src/miniscala/CPSOptimizer.scala
2023.04.01 18:06:44 WARN  Could not load snapshot text for /Users/bharathvemula/Purdue/cs502/proj6/compiler/src/miniscala/CPSOptimizer.scala
2023.04.01 18:06:45 WARN  Could not load snapshot text for /Users/bharathvemula/Purdue/cs502/proj6/compiler/src/miniscala/CPSOptimizer.scala
2023.04.01 18:06:45 WARN  Could not load snapshot text for /Users/bharathvemula/Purdue/cs502/proj6/compiler/src/miniscala/CPSOptimizer.scala
2023.04.01 18:06:45 INFO  compiling cmscala (1 scala source)
2023.04.01 18:06:45 INFO  time: compiled cmScala in 0.24s
2023.04.01 18:06:45 INFO  compiling cmscala (1 scala source)
2023.04.01 18:06:45 INFO  time: compiled cmScala in 0.12s
2023.04.01 18:06:46 WARN  Could not load snapshot text for /Users/bharathvemula/Purdue/cs502/proj6/compiler/src/miniscala/CPSOptimizer.scala
2023.04.01 18:06:54 WARN  Could not load snapshot text for /Users/bharathvemula/Purdue/cs502/proj6/compiler/src/miniscala/CPSOptimizer.scala
2023.04.01 18:06:55 WARN  Could not load snapshot text for /Users/bharathvemula/Purdue/cs502/proj6/compiler/src/miniscala/CPSOptimizer.scala
2023.04.01 18:06:55 WARN  Could not load snapshot text for /Users/bharathvemula/Purdue/cs502/proj6/compiler/src/miniscala/CPSOptimizer.scala
2023.04.01 18:06:55 WARN  Could not load snapshot text for /Users/bharathvemula/Purdue/cs502/proj6/compiler/src/miniscala/CPSOptimizer.scala
2023.04.01 18:07:27 WARN  Could not load snapshot text for /Users/bharathvemula/Purdue/cs502/proj6/compiler/src/miniscala/CPSOptimizer.scala
2023.04.01 18:34:20 WARN  Could not load snapshot text for /Users/bharathvemula/Purdue/cs502/proj6/compiler/src/miniscala/CPSOptimizer.scala
2023.04.01 18:34:38 WARN  Could not load snapshot text for /Users/bharathvemula/Purdue/cs502/proj6/compiler/src/miniscala/CPSOptimizer.scala
2023.04.01 18:34:40 WARN  Could not load snapshot text for /Users/bharathvemula/Purdue/cs502/proj6/compiler/src/miniscala/CPSOptimizer.scala
2023.04.01 18:34:42 WARN  Could not load snapshot text for /Users/bharathvemula/Purdue/cs502/proj6/compiler/src/miniscala/CPSOptimizer.scala
2023.04.01 18:34:43 WARN  Could not load snapshot text for /Users/bharathvemula/Purdue/cs502/proj6/compiler/src/miniscala/CPSOptimizer.scala
2023.04.01 18:34:44 WARN  Could not load snapshot text for /Users/bharathvemula/Purdue/cs502/proj6/compiler/src/miniscala/CPSOptimizer.scala
2023.04.01 18:34:44 WARN  Could not load snapshot text for /Users/bharathvemula/Purdue/cs502/proj6/compiler/src/miniscala/CPSOptimizer.scala
2023.04.01 18:34:44 WARN  Could not load snapshot text for /Users/bharathvemula/Purdue/cs502/proj6/compiler/src/miniscala/CPSOptimizer.scala
2023.04.01 18:34:45 INFO  compiling cmscala (1 scala source)
2023.04.01 18:34:47 INFO  time: compiled cmScala in 2.29s
2023.04.01 18:35:26 INFO  compiling cmscala (1 scala source)
2023.04.01 18:35:28 INFO  time: compiled cmScala in 1.93s
2023.04.01 18:35:34 INFO  compiling cmscala (1 scala source)
2023.04.01 18:35:36 INFO  time: compiled cmScala in 2.1s
2023.04.01 18:35:37 INFO  compiling cmscala (1 scala source)
2023.04.01 18:35:39 INFO  time: compiled cmScala in 1.99s
2023.04.01 18:35:42 INFO  compiling cmscala (1 scala source)
2023.04.01 18:35:44 INFO  time: compiled cmScala in 1.94s
2023.04.01 18:37:16 INFO  compiling cmscala (1 scala source)
2023.04.01 18:37:18 INFO  time: compiled cmScala in 1.9s
Apr 01, 2023 6:37:18 PM scala.meta.internal.pc.CompilerAccess retryWithCleanCompiler
INFO: compiler crashed due to an error in the Scala compiler, retrying with new compiler instance.
2023.04.01 18:37:39 INFO  compiling cmscala (1 scala source)
2023.04.01 18:37:41 INFO  time: compiled cmScala in 1.91s
2023.04.01 18:38:52 INFO  compiling cmscala (1 scala source)
2023.04.01 18:38:54 INFO  time: compiled cmScala in 1.87s
2023.04.01 18:40:42 INFO  compiling cmscala (1 scala source)
2023.04.01 18:40:44 INFO  time: compiled cmScala in 2.43s
2023.04.01 18:42:30 INFO  compiling cmscala (1 scala source)
2023.04.01 18:42:30 INFO  time: compiled cmScala in 0.29s
2023.04.01 18:42:31 WARN  Could not load snapshot text for /Users/bharathvemula/Purdue/cs502/proj6/compiler/src/miniscala/CPSOptimizer.scala
2023.04.01 18:42:36 WARN  Could not load snapshot text for /Users/bharathvemula/Purdue/cs502/proj6/compiler/src/miniscala/CPSOptimizer.scala
2023.04.01 18:42:37 WARN  Could not load snapshot text for /Users/bharathvemula/Purdue/cs502/proj6/compiler/src/miniscala/CPSOptimizer.scala
2023.04.01 18:42:39 WARN  Could not load snapshot text for /Users/bharathvemula/Purdue/cs502/proj6/compiler/src/miniscala/CPSOptimizer.scala
2023.04.01 18:42:40 WARN  Could not load snapshot text for /Users/bharathvemula/Purdue/cs502/proj6/compiler/src/miniscala/CPSOptimizer.scala
2023.04.01 18:42:40 WARN  Could not load snapshot text for /Users/bharathvemula/Purdue/cs502/proj6/compiler/src/miniscala/CPSOptimizer.scala
2023.04.01 18:42:42 WARN  Could not load snapshot text for /Users/bharathvemula/Purdue/cs502/proj6/compiler/src/miniscala/CPSOptimizer.scala
2023.04.01 18:42:49 WARN  Could not load snapshot text for /Users/bharathvemula/Purdue/cs502/proj6/compiler/src/miniscala/CPSOptimizer.scala
2023.04.01 18:42:50 WARN  Could not load snapshot text for /Users/bharathvemula/Purdue/cs502/proj6/compiler/src/miniscala/CPSOptimizer.scala
2023.04.01 18:42:50 WARN  Could not load snapshot text for /Users/bharathvemula/Purdue/cs502/proj6/compiler/src/miniscala/CPSOptimizer.scala
2023.04.01 18:42:51 WARN  Could not load snapshot text for /Users/bharathvemula/Purdue/cs502/proj6/compiler/src/miniscala/CPSOptimizer.scala
2023.04.01 18:42:51 WARN  Could not load snapshot text for /Users/bharathvemula/Purdue/cs502/proj6/compiler/src/miniscala/CPSOptimizer.scala
2023.04.01 18:42:51 WARN  Could not load snapshot text for /Users/bharathvemula/Purdue/cs502/proj6/compiler/src/miniscala/CPSOptimizer.scala
2023.04.01 18:42:53 WARN  Could not load snapshot text for /Users/bharathvemula/Purdue/cs502/proj6/compiler/src/miniscala/CPSOptimizer.scala
2023.04.01 18:42:53 WARN  Could not load snapshot text for /Users/bharathvemula/Purdue/cs502/proj6/compiler/src/miniscala/CPSOptimizer.scala
2023.04.01 18:42:54 WARN  Could not load snapshot text for /Users/bharathvemula/Purdue/cs502/proj6/compiler/src/miniscala/CPSOptimizer.scala
2023.04.01 18:42:56 WARN  Could not load snapshot text for /Users/bharathvemula/Purdue/cs502/proj6/compiler/src/miniscala/CPSOptimizer.scala
2023.04.01 18:43:02 WARN  Could not load snapshot text for /Users/bharathvemula/Purdue/cs502/proj6/compiler/src/miniscala/CPSOptimizer.scala
2023.04.01 18:43:02 WARN  Could not load snapshot text for /Users/bharathvemula/Purdue/cs502/proj6/compiler/src/miniscala/CPSOptimizer.scala
2023.04.01 18:43:04 WARN  Could not load snapshot text for /Users/bharathvemula/Purdue/cs502/proj6/compiler/src/miniscala/CPSOptimizer.scala
2023.04.01 18:43:05 WARN  Could not load snapshot text for /Users/bharathvemula/Purdue/cs502/proj6/compiler/src/miniscala/CPSOptimizer.scala
2023.04.01 18:43:05 WARN  Could not load snapshot text for /Users/bharathvemula/Purdue/cs502/proj6/compiler/src/miniscala/CPSOptimizer.scala
2023.04.01 18:43:05 WARN  Could not load snapshot text for /Users/bharathvemula/Purdue/cs502/proj6/compiler/src/miniscala/CPSOptimizer.scala
2023.04.01 18:43:06 WARN  Could not load snapshot text for /Users/bharathvemula/Purdue/cs502/proj6/compiler/src/miniscala/CPSOptimizer.scala
2023.04.01 18:43:07 WARN  Could not load snapshot text for /Users/bharathvemula/Purdue/cs502/proj6/compiler/src/miniscala/CPSOptimizer.scala
2023.04.01 18:43:07 INFO  compiling cmscala (1 scala source)
2023.04.01 18:43:07 INFO  time: compiled cmScala in 0.21s
2023.04.01 18:43:07 WARN  Could not load snapshot text for /Users/bharathvemula/Purdue/cs502/proj6/compiler/src/miniscala/CPSOptimizer.scala
2023.04.01 18:43:11 WARN  Could not load snapshot text for /Users/bharathvemula/Purdue/cs502/proj6/compiler/src/miniscala/CPSOptimizer.scala
2023.04.01 18:43:11 WARN  Could not load snapshot text for /Users/bharathvemula/Purdue/cs502/proj6/compiler/src/miniscala/CPSOptimizer.scala
2023.04.01 18:43:11 WARN  Could not load snapshot text for /Users/bharathvemula/Purdue/cs502/proj6/compiler/src/miniscala/CPSOptimizer.scala
2023.04.01 18:43:11 WARN  Could not load snapshot text for /Users/bharathvemula/Purdue/cs502/proj6/compiler/src/miniscala/CPSOptimizer.scala
2023.04.01 18:43:11 WARN  Could not load snapshot text for /Users/bharathvemula/Purdue/cs502/proj6/compiler/src/miniscala/CPSOptimizer.scala
2023.04.01 18:43:11 WARN  Could not load snapshot text for /Users/bharathvemula/Purdue/cs502/proj6/compiler/src/miniscala/CPSOptimizer.scala
2023.04.01 18:43:12 WARN  Could not load snapshot text for /Users/bharathvemula/Purdue/cs502/proj6/compiler/src/miniscala/CPSOptimizer.scala
2023.04.01 18:43:12 WARN  Could not load snapshot text for /Users/bharathvemula/Purdue/cs502/proj6/compiler/src/miniscala/CPSOptimizer.scala
2023.04.01 18:43:13 WARN  Could not load snapshot text for /Users/bharathvemula/Purdue/cs502/proj6/compiler/src/miniscala/CPSOptimizer.scala
2023.04.01 18:43:13 INFO  compiling cmscala (1 scala source)
2023.04.01 18:43:13 INFO  time: compiled cmScala in 0.18s
2023.04.01 18:43:14 WARN  Could not load snapshot text for /Users/bharathvemula/Purdue/cs502/proj6/compiler/src/miniscala/CPSOptimizer.scala
2023.04.01 18:43:48 WARN  Could not load snapshot text for /Users/bharathvemula/Purdue/cs502/proj6/compiler/src/miniscala/CPSOptimizer.scala
2023.04.01 18:43:49 WARN  Could not load snapshot text for /Users/bharathvemula/Purdue/cs502/proj6/compiler/src/miniscala/CPSOptimizer.scala
2023.04.01 18:43:49 WARN  Could not load snapshot text for /Users/bharathvemula/Purdue/cs502/proj6/compiler/src/miniscala/CPSOptimizer.scala
2023.04.01 18:43:54 WARN  Could not load snapshot text for /Users/bharathvemula/Purdue/cs502/proj6/compiler/src/miniscala/CPSOptimizer.scala
2023.04.01 18:43:54 WARN  Could not load snapshot text for /Users/bharathvemula/Purdue/cs502/proj6/compiler/src/miniscala/CPSOptimizer.scala
2023.04.01 18:43:57 WARN  Could not load snapshot text for /Users/bharathvemula/Purdue/cs502/proj6/compiler/src/miniscala/CPSOptimizer.scala
2023.04.01 18:43:57 WARN  Could not load snapshot text for /Users/bharathvemula/Purdue/cs502/proj6/compiler/src/miniscala/CPSOptimizer.scala
2023.04.01 18:44:29 WARN  Could not load snapshot text for /Users/bharathvemula/Purdue/cs502/proj6/compiler/src/miniscala/CPSOptimizer.scala
2023.04.01 18:44:30 WARN  Could not load snapshot text for /Users/bharathvemula/Purdue/cs502/proj6/compiler/src/miniscala/CPSOptimizer.scala
2023.04.01 18:44:31 WARN  Could not load snapshot text for /Users/bharathvemula/Purdue/cs502/proj6/compiler/src/miniscala/CPSOptimizer.scala
2023.04.01 18:44:32 WARN  Could not load snapshot text for /Users/bharathvemula/Purdue/cs502/proj6/compiler/src/miniscala/CPSOptimizer.scala
2023.04.01 18:44:33 WARN  Could not load snapshot text for /Users/bharathvemula/Purdue/cs502/proj6/compiler/src/miniscala/CPSOptimizer.scala
2023.04.01 18:44:34 WARN  Could not load snapshot text for /Users/bharathvemula/Purdue/cs502/proj6/compiler/src/miniscala/CPSOptimizer.scala
2023.04.01 18:44:38 WARN  Could not load snapshot text for /Users/bharathvemula/Purdue/cs502/proj6/compiler/src/miniscala/CPSOptimizer.scala
2023.04.01 18:44:39 INFO  compiling cmscala (1 scala source)
2023.04.01 18:44:39 INFO  time: compiled cmScala in 0.22s
2023.04.01 18:44:39 INFO  compiling cmscala (1 scala source)
2023.04.01 18:44:39 INFO  time: compiled cmScala in 0.13s
2023.04.01 18:44:39 INFO  compiling cmscala (1 scala source)
2023.04.01 18:44:39 INFO  time: compiled cmScala in 0.21s
2023.04.01 18:44:40 WARN  Could not load snapshot text for /Users/bharathvemula/Purdue/cs502/proj6/compiler/src/miniscala/CPSOptimizer.scala
2023.04.01 18:44:40 WARN  Could not load snapshot text for /Users/bharathvemula/Purdue/cs502/proj6/compiler/src/miniscala/CPSOptimizer.scala
2023.04.01 18:44:41 WARN  Could not load snapshot text for /Users/bharathvemula/Purdue/cs502/proj6/compiler/src/miniscala/CPSOptimizer.scala
2023.04.01 18:45:11 WARN  Could not load snapshot text for /Users/bharathvemula/Purdue/cs502/proj6/compiler/src/miniscala/CPSOptimizer.scala
2023.04.01 18:45:13 WARN  Could not load snapshot text for /Users/bharathvemula/Purdue/cs502/proj6/compiler/src/miniscala/CPSOptimizer.scala
2023.04.01 18:47:48 WARN  Could not load snapshot text for /Users/bharathvemula/Purdue/cs502/proj6/compiler/src/miniscala/CPSOptimizer.scala
2023.04.01 18:55:07 INFO  compiling cmscala (1 scala source)
2023.04.01 18:55:07 INFO  time: compiled cmScala in 0.14s
2023.04.01 18:55:07 INFO  compiling cmscala (1 scala source)
2023.04.01 18:55:07 INFO  time: compiled cmScala in 31ms
2023.04.01 18:55:07 WARN  Could not load snapshot text for /Users/bharathvemula/Purdue/cs502/proj6/compiler/src/miniscala/CPSOptimizer.scala
2023.04.01 19:01:08 WARN  Could not load snapshot text for /Users/bharathvemula/Purdue/cs502/proj6/compiler/src/miniscala/CPSOptimizer.scala
2023.04.01 19:01:09 INFO  compiling cmscala (1 scala source)
2023.04.01 19:01:10 INFO  time: compiled cmScala in 1.93s
2023.04.01 20:10:14 INFO  compiling cmscala (1 scala source)
2023.04.01 20:10:14 INFO  time: compiled cmScala in 0.24s
2023.04.01 20:10:14 INFO  compiling cmscala (1 scala source)
2023.04.01 20:10:14 INFO  time: compiled cmScala in 0.11s
2023.04.01 20:10:14 INFO  compiling cmscala (1 scala source)
2023.04.01 20:10:14 INFO  time: compiled cmScala in 0.11s
2023.04.01 20:11:03 INFO  compiling cmscala (1 scala source)
2023.04.01 20:11:05 INFO  time: compiled cmScala in 1.91s
2023.04.01 20:11:10 INFO  compiling cmscala (1 scala source)
2023.04.01 20:11:12 INFO  time: compiled cmScala in 1.84s
2023.04.01 20:13:42 INFO  compiling cmscala (1 scala source)
2023.04.01 20:13:42 INFO  time: compiled cmScala in 0.2s
2023.04.01 20:14:31 INFO  compiling cmscala (1 scala source)
2023.04.01 20:14:31 INFO  time: compiled cmScala in 0.2s
2023.04.01 20:14:31 INFO  compiling cmscala (1 scala source)
2023.04.01 20:14:31 INFO  time: compiled cmScala in 0.16s
2023.04.01 20:14:47 INFO  compiling cmscala (1 scala source)
2023.04.01 20:14:49 INFO  time: compiled cmScala in 1.86s
Apr 01, 2023 8:19:34 PM scala.meta.internal.pc.CompilerAccess retryWithCleanCompiler
INFO: compiler crashed due to an error in the Scala compiler, retrying with new compiler instance.
Apr 01, 2023 8:19:34 PM scala.meta.internal.pc.CompilerAccess handleError
SEVERE: null
java.lang.NullPointerException
	at scala.reflect.internal.Definitions$DefinitionsClass.isByNameParamType(Definitions.scala:417)
	at scala.reflect.internal.TreeInfo.isStableIdent(TreeInfo.scala:137)
	at scala.reflect.internal.TreeInfo.isStableIdentifier(TreeInfo.scala:113)
	at scala.reflect.internal.TreeInfo.isPath(TreeInfo.scala:102)
	at scala.reflect.internal.TreeInfo.admitsTypeSelection(TreeInfo.scala:155)
	at scala.tools.nsc.interactive.Global.stabilizedType(Global.scala:959)
	at scala.tools.nsc.interactive.Global.typedTreeAt(Global.scala:807)
	at scala.meta.internal.pc.SignatureHelpProvider.signatureHelp(SignatureHelpProvider.scala:23)

2023.04.01 20:20:55 INFO  compiling cmscala (1 scala source)
2023.04.01 20:20:55 INFO  time: compiled cmScala in 0.16s
2023.04.01 20:22:26 INFO  compiling cmscala (1 scala source)
2023.04.01 20:22:26 INFO  time: compiled cmScala in 0.1s
2023.04.01 20:22:40 INFO  compiling cmscala (1 scala source)
2023.04.01 20:22:40 INFO  time: compiled cmScala in 0.1s
2023.04.01 20:22:57 INFO  compiling cmscala (1 scala source)
2023.04.01 20:22:59 INFO  time: compiled cmScala in 2s
2023.04.01 20:23:07 INFO  compiling cmscala (1 scala source)
2023.04.01 20:23:09 INFO  time: compiled cmScala in 1.93s
2023.04.01 20:23:21 INFO  compiling cmscala (1 scala source)
2023.04.01 20:23:21 INFO  time: compiled cmScala in 98ms
2023.04.01 20:23:22 WARN  Could not load snapshot text for /Users/bharathvemula/Purdue/cs502/proj6/compiler/src/miniscala/CPSOptimizer.scala
2023.04.01 20:23:22 WARN  Could not load snapshot text for /Users/bharathvemula/Purdue/cs502/proj6/compiler/src/miniscala/CPSOptimizer.scala
2023.04.01 20:23:21 INFO  compiling cmscala (1 scala source)
2023.04.01 20:23:21 INFO  time: compiled cmScala in 0.13s
2023.04.01 20:23:22 WARN  Could not load snapshot text for /Users/bharathvemula/Purdue/cs502/proj6/compiler/src/miniscala/CPSOptimizer.scala
2023.04.01 20:23:24 WARN  Could not load snapshot text for /Users/bharathvemula/Purdue/cs502/proj6/compiler/src/miniscala/CPSOptimizer.scala
2023.04.01 20:23:28 WARN  Could not load snapshot text for /Users/bharathvemula/Purdue/cs502/proj6/compiler/src/miniscala/CPSOptimizer.scala
2023.04.01 20:23:29 INFO  compiling cmscala (1 scala source)
2023.04.01 20:23:29 INFO  time: compiled cmScala in 0.29s
2023.04.01 20:23:30 WARN  Could not load snapshot text for /Users/bharathvemula/Purdue/cs502/proj6/compiler/src/miniscala/CPSOptimizer.scala
2023.04.01 20:23:32 WARN  Could not load snapshot text for /Users/bharathvemula/Purdue/cs502/proj6/compiler/src/miniscala/CPSOptimizer.scala
2023.04.01 20:23:32 INFO  compiling cmscala (1 scala source)
2023.04.01 20:23:32 INFO  time: compiled cmScala in 0.19s
2023.04.01 20:23:33 WARN  Could not load snapshot text for /Users/bharathvemula/Purdue/cs502/proj6/compiler/src/miniscala/CPSOptimizer.scala
2023.04.01 20:23:32 INFO  compiling cmscala (1 scala source)
2023.04.01 20:23:32 INFO  time: compiled cmScala in 0.16s
2023.04.01 20:23:33 WARN  Could not load snapshot text for /Users/bharathvemula/Purdue/cs502/proj6/compiler/src/miniscala/CPSOptimizer.scala
2023.04.01 20:23:35 WARN  Could not load snapshot text for /Users/bharathvemula/Purdue/cs502/proj6/compiler/src/miniscala/CPSOptimizer.scala
2023.04.01 20:23:36 WARN  Could not load snapshot text for /Users/bharathvemula/Purdue/cs502/proj6/compiler/src/miniscala/CPSOptimizer.scala
2023.04.01 20:23:36 INFO  compiling cmscala (1 scala source)
2023.04.01 20:23:36 INFO  time: compiled cmScala in 0.17s
2023.04.01 20:23:36 INFO  compiling cmscala (1 scala source)
2023.04.01 20:23:36 INFO  time: compiled cmScala in 0.12s
2023.04.01 20:23:37 WARN  Could not load snapshot text for /Users/bharathvemula/Purdue/cs502/proj6/compiler/src/miniscala/CPSOptimizer.scala
2023.04.01 20:23:42 WARN  Could not load snapshot text for /Users/bharathvemula/Purdue/cs502/proj6/compiler/src/miniscala/CPSOptimizer.scala
2023.04.01 20:23:42 INFO  compiling cmscala (1 scala source)
2023.04.01 20:23:42 WARN  Could not load snapshot text for /Users/bharathvemula/Purdue/cs502/proj6/compiler/src/miniscala/CPSOptimizer.scala
2023.04.01 20:23:42 WARN  Could not load snapshot text for /Users/bharathvemula/Purdue/cs502/proj6/compiler/src/miniscala/CPSOptimizer.scala
2023.04.01 20:23:42 INFO  time: compiled cmScala in 0.24s
2023.04.01 20:23:42 WARN  Could not load snapshot text for /Users/bharathvemula/Purdue/cs502/proj6/compiler/src/miniscala/CPSOptimizer.scala
2023.04.01 20:23:56 WARN  Could not load snapshot text for /Users/bharathvemula/Purdue/cs502/proj6/compiler/src/miniscala/CPSOptimizer.scala
2023.04.01 20:23:58 WARN  Could not load snapshot text for /Users/bharathvemula/Purdue/cs502/proj6/compiler/src/miniscala/CPSOptimizer.scala
2023.04.01 20:23:59 INFO  compiling cmscala (1 scala source)
2023.04.01 20:23:59 INFO  time: compiled cmScala in 0.18s
2023.04.01 20:23:59 INFO  compiling cmscala (1 scala source)
2023.04.01 20:23:59 INFO  time: compiled cmScala in 0.1s
2023.04.01 20:24:00 WARN  Could not load snapshot text for /Users/bharathvemula/Purdue/cs502/proj6/compiler/src/miniscala/CPSOptimizer.scala
2023.04.01 20:24:03 WARN  Could not load snapshot text for /Users/bharathvemula/Purdue/cs502/proj6/compiler/src/miniscala/CPSOptimizer.scala
2023.04.01 20:24:03 WARN  Could not load snapshot text for /Users/bharathvemula/Purdue/cs502/proj6/compiler/src/miniscala/CPSOptimizer.scala
2023.04.01 20:24:03 WARN  Could not load snapshot text for /Users/bharathvemula/Purdue/cs502/proj6/compiler/src/miniscala/CPSOptimizer.scala
2023.04.01 20:24:04 WARN  Could not load snapshot text for /Users/bharathvemula/Purdue/cs502/proj6/compiler/src/miniscala/CPSOptimizer.scala
2023.04.01 20:24:04 WARN  Could not load snapshot text for /Users/bharathvemula/Purdue/cs502/proj6/compiler/src/miniscala/CPSOptimizer.scala
2023.04.01 20:24:05 WARN  Could not load snapshot text for /Users/bharathvemula/Purdue/cs502/proj6/compiler/src/miniscala/CPSOptimizer.scala
2023.04.01 20:24:06 INFO  compiling cmscala (1 scala source)
2023.04.01 20:24:06 INFO  time: compiled cmScala in 0.21s
2023.04.01 20:24:06 WARN  Could not load snapshot text for /Users/bharathvemula/Purdue/cs502/proj6/compiler/src/miniscala/CPSOptimizer.scala
2023.04.01 20:24:07 WARN  Could not load snapshot text for /Users/bharathvemula/Purdue/cs502/proj6/compiler/src/miniscala/CPSOptimizer.scala
2023.04.01 20:24:07 WARN  Could not load snapshot text for /Users/bharathvemula/Purdue/cs502/proj6/compiler/src/miniscala/CPSOptimizer.scala
2023.04.01 20:24:08 INFO  compiling cmscala (1 scala source)
2023.04.01 20:24:08 INFO  time: compiled cmScala in 0.3s
2023.04.01 20:24:08 WARN  Could not load snapshot text for /Users/bharathvemula/Purdue/cs502/proj6/compiler/src/miniscala/CPSOptimizer.scala
2023.04.01 20:24:13 WARN  Could not load snapshot text for /Users/bharathvemula/Purdue/cs502/proj6/compiler/src/miniscala/CPSOptimizer.scala
2023.04.01 20:24:13 WARN  Could not load snapshot text for /Users/bharathvemula/Purdue/cs502/proj6/compiler/src/miniscala/CPSOptimizer.scala
2023.04.01 20:24:13 WARN  Could not load snapshot text for /Users/bharathvemula/Purdue/cs502/proj6/compiler/src/miniscala/CPSOptimizer.scala
2023.04.01 20:24:14 INFO  compiling cmscala (1 scala source)
2023.04.01 20:24:14 INFO  time: compiled cmScala in 0.17s
2023.04.01 20:24:14 WARN  Could not load snapshot text for /Users/bharathvemula/Purdue/cs502/proj6/compiler/src/miniscala/CPSOptimizer.scala
2023.04.01 20:24:15 WARN  Could not load snapshot text for /Users/bharathvemula/Purdue/cs502/proj6/compiler/src/miniscala/CPSOptimizer.scala
2023.04.01 20:24:15 WARN  Could not load snapshot text for /Users/bharathvemula/Purdue/cs502/proj6/compiler/src/miniscala/CPSOptimizer.scala
2023.04.01 20:24:16 WARN  Could not load snapshot text for /Users/bharathvemula/Purdue/cs502/proj6/compiler/src/miniscala/CPSOptimizer.scala
2023.04.01 20:24:16 INFO  compiling cmscala (1 scala source)
2023.04.01 20:24:16 INFO  time: compiled cmScala in 0.15s
2023.04.01 20:24:17 WARN  Could not load snapshot text for /Users/bharathvemula/Purdue/cs502/proj6/compiler/src/miniscala/CPSOptimizer.scala
2023.04.01 20:24:18 INFO  compiling cmscala (1 scala source)
2023.04.01 20:24:18 INFO  time: compiled cmScala in 0.17s
2023.04.01 20:24:18 INFO  compiling cmscala (1 scala source)
2023.04.01 20:24:18 INFO  time: compiled cmScala in 99ms
2023.04.01 20:24:19 WARN  Could not load snapshot text for /Users/bharathvemula/Purdue/cs502/proj6/compiler/src/miniscala/CPSOptimizer.scala
Apr 01, 2023 8:24:24 PM org.eclipse.lsp4j.jsonrpc.RemoteEndpoint handleCancellation
WARNING: Unmatched cancel notification for request id 2585
2023.04.01 20:24:25 WARN  Could not load snapshot text for /Users/bharathvemula/Purdue/cs502/proj6/compiler/src/miniscala/CPSOptimizer.scala
2023.04.01 20:24:25 WARN  Could not load snapshot text for /Users/bharathvemula/Purdue/cs502/proj6/compiler/src/miniscala/CPSOptimizer.scala
2023.04.01 20:24:25 WARN  Could not load snapshot text for /Users/bharathvemula/Purdue/cs502/proj6/compiler/src/miniscala/CPSOptimizer.scala
2023.04.01 20:24:26 WARN  Could not load snapshot text for /Users/bharathvemula/Purdue/cs502/proj6/compiler/src/miniscala/CPSOptimizer.scala
2023.04.01 20:24:27 WARN  Could not load snapshot text for /Users/bharathvemula/Purdue/cs502/proj6/compiler/src/miniscala/CPSOptimizer.scala
2023.04.01 20:24:27 WARN  Could not load snapshot text for /Users/bharathvemula/Purdue/cs502/proj6/compiler/src/miniscala/CPSOptimizer.scala
2023.04.01 20:24:28 WARN  Could not load snapshot text for /Users/bharathvemula/Purdue/cs502/proj6/compiler/src/miniscala/CPSOptimizer.scala
2023.04.01 20:24:29 WARN  Could not load snapshot text for /Users/bharathvemula/Purdue/cs502/proj6/compiler/src/miniscala/CPSOptimizer.scala
2023.04.01 20:24:30 INFO  compiling cmscala (1 scala source)
2023.04.01 20:24:30 INFO  time: compiled cmScala in 0.18s
2023.04.01 20:24:30 INFO  compiling cmscala (1 scala source)
2023.04.01 20:24:30 INFO  time: compiled cmScala in 0.11s
2023.04.01 20:24:31 WARN  Could not load snapshot text for /Users/bharathvemula/Purdue/cs502/proj6/compiler/src/miniscala/CPSOptimizer.scala
2023.04.01 20:24:33 WARN  Could not load snapshot text for /Users/bharathvemula/Purdue/cs502/proj6/compiler/src/miniscala/CPSOptimizer.scala
2023.04.01 20:24:55 WARN  Could not load snapshot text for /Users/bharathvemula/Purdue/cs502/proj6/compiler/src/miniscala/CPSOptimizer.scala
2023.04.01 20:24:55 WARN  Could not load snapshot text for /Users/bharathvemula/Purdue/cs502/proj6/compiler/src/miniscala/CPSOptimizer.scala
2023.04.01 20:24:55 WARN  Could not load snapshot text for /Users/bharathvemula/Purdue/cs502/proj6/compiler/src/miniscala/CPSOptimizer.scala
2023.04.01 20:24:55 WARN  Could not load snapshot text for /Users/bharathvemula/Purdue/cs502/proj6/compiler/src/miniscala/CPSOptimizer.scala
2023.04.01 20:24:56 WARN  Could not load snapshot text for /Users/bharathvemula/Purdue/cs502/proj6/compiler/src/miniscala/CPSOptimizer.scala
something's wrong: no file:///Users/bharathvemula/Purdue/cs502/proj6/compiler/src/miniscala/CPSOptimizer.scala in Seq[<error>]RangePosition(file:///Users/bharathvemula/Purdue/cs502/proj6/compiler/src/miniscala/CPSOptimizer.scala, 13641, 13641, 13654)
2023.04.01 20:24:56 WARN  Could not load snapshot text for /Users/bharathvemula/Purdue/cs502/proj6/compiler/src/miniscala/CPSOptimizer.scala
something's wrong: no file:///Users/bharathvemula/Purdue/cs502/proj6/compiler/src/miniscala/CPSOptimizer.scala in Seq[<error>]RangePosition(file:///Users/bharathvemula/Purdue/cs502/proj6/compiler/src/miniscala/CPSOptimizer.scala, 13641, 13641, 13654)
something's wrong: no file:///Users/bharathvemula/Purdue/cs502/proj6/compiler/src/miniscala/CPSOptimizer.scala in Seq[<error>]RangePosition(file:///Users/bharathvemula/Purdue/cs502/proj6/compiler/src/miniscala/CPSOptimizer.scala, 13641, 13641, 13647)
2023.04.01 20:24:58 WARN  Could not load snapshot text for /Users/bharathvemula/Purdue/cs502/proj6/compiler/src/miniscala/CPSOptimizer.scala
something's wrong: no file:///Users/bharathvemula/Purdue/cs502/proj6/compiler/src/miniscala/CPSOptimizer.scala in Seq[<error>]RangePosition(file:///Users/bharathvemula/Purdue/cs502/proj6/compiler/src/miniscala/CPSOptimizer.scala, 13641, 13641, 13648)
2023.04.01 20:24:58 WARN  Could not load snapshot text for /Users/bharathvemula/Purdue/cs502/proj6/compiler/src/miniscala/CPSOptimizer.scala
something's wrong: no file:///Users/bharathvemula/Purdue/cs502/proj6/compiler/src/miniscala/CPSOptimizer.scala in Seq[CPSOptimizer.this.treeModule.Name]RangePosition(file:///Users/bharathvemula/Purdue/cs502/proj6/compiler/src/miniscala/CPSOptimizer.scala, 13641, 13641, 13650)
2023.04.01 20:24:59 WARN  Could not load snapshot text for /Users/bharathvemula/Purdue/cs502/proj6/compiler/src/miniscala/CPSOptimizer.scala
2023.04.01 20:24:59 INFO  compiling cmscala (1 scala source)
2023.04.01 20:25:01 INFO  time: compiled cmScala in 1.92s
2023.04.01 20:25:12 INFO  compiling cmscala (1 scala source)
2023.04.01 20:25:13 INFO  time: compiled cmScala in 1.85s
2023.04.01 20:25:35 INFO  compiling cmscala (1 scala source)
2023.04.01 20:25:37 INFO  time: compiled cmScala in 1.96s
2023.04.01 20:25:42 INFO  compiling cmscala (1 scala source)
2023.04.01 20:25:44 INFO  time: compiled cmScala in 2.02s
2023.04.01 20:25:51 INFO  compiling cmscala (1 scala source)
2023.04.01 20:25:53 INFO  time: compiled cmScala in 1.89s
2023.04.01 20:26:10 INFO  compiling cmscala (1 scala source)
2023.04.01 20:26:10 INFO  time: compiled cmScala in 97ms
2023.04.01 20:31:01 INFO  compiling cmscala (1 scala source)
2023.04.01 20:31:01 INFO  time: compiled cmScala in 0.22s
2023.04.01 20:31:01 INFO  compiling cmscala (1 scala source)
2023.04.01 20:31:01 INFO  time: compiled cmScala in 0.18s
2023.04.01 20:31:01 INFO  compiling cmscala (1 scala source)
2023.04.01 20:31:01 INFO  time: compiled cmScala in 0.1s
2023.04.01 20:31:17 INFO  compiling cmscala (1 scala source)
2023.04.01 20:31:17 INFO  time: compiled cmScala in 0.19s
2023.04.01 20:31:17 INFO  compiling cmscala (1 scala source)
2023.04.01 20:31:17 INFO  time: compiled cmScala in 0.13s
2023.04.01 20:31:17 INFO  compiling cmscala (1 scala source)
2023.04.01 20:31:17 INFO  time: compiled cmScala in 98ms
2023.04.01 20:32:24 INFO  compiling cmscala (1 scala source)
2023.04.01 20:32:24 INFO  time: compiled cmScala in 0.2s
2023.04.01 20:32:24 INFO  compiling cmscala (1 scala source)
2023.04.01 20:32:24 INFO  time: compiled cmScala in 97ms
2023.04.01 20:32:24 INFO  compiling cmscala (1 scala source)
2023.04.01 20:32:24 INFO  time: compiled cmScala in 94ms
2023.04.01 20:32:32 INFO  compiling cmscala (1 scala source)
2023.04.01 20:32:35 INFO  time: compiled cmScala in 2.44s
2023.04.01 20:32:35 WARN  Could not load snapshot text for /Users/bharathvemula/Purdue/cs502/proj6/compiler/src/miniscala/CPSOptimizer.scala
2023.04.01 20:33:07 WARN  Could not load snapshot text for /Users/bharathvemula/Purdue/cs502/proj6/compiler/src/miniscala/CPSOptimizer.scala
2023.04.01 20:33:10 WARN  Could not load snapshot text for /Users/bharathvemula/Purdue/cs502/proj6/compiler/src/miniscala/CPSOptimizer.scala
2023.04.01 20:33:11 INFO  compiling cmscala (1 scala source)
2023.04.01 20:33:13 INFO  time: compiled cmScala in 1.82s
2023.04.01 20:33:46 INFO  compiling cmscala (1 scala source)
2023.04.01 20:33:48 INFO  time: compiled cmScala in 1.92s
2023.04.01 20:36:06 INFO  compiling cmscala (1 scala source)
2023.04.01 20:36:08 INFO  time: compiled cmScala in 1.98s
2023.04.01 20:36:21 INFO  compiling cmscala (1 scala source)
2023.04.01 20:36:21 INFO  time: compiled cmScala in 0.18s
2023.04.01 20:36:24 INFO  file:///Users/bharathvemula/Purdue/cs502/proj6/compiler/src/miniscala/CPSOptimizer.scala:399:51: stale bloop error: miniscala.Symbol does not take parameters
            val replacedVars = boundVars.map(x => x.copy("copy"))
                                                  ^^^^^^^^^^^^^^
2023.04.01 20:36:24 INFO  file:///Users/bharathvemula/Purdue/cs502/proj6/compiler/src/miniscala/CPSOptimizer.scala:399:51: stale bloop error: miniscala.Symbol does not take parameters
            val replacedVars = boundVars.map(x => x.copy("copy"))
                                                  ^^^^^^^^^^^^^^
2023.04.01 20:36:24 INFO  file:///Users/bharathvemula/Purdue/cs502/proj6/compiler/src/miniscala/CPSOptimizer.scala:399:51: stale bloop error: miniscala.Symbol does not take parameters
            val replacedVars = boundVars.map(x => x.copy("copy"))
                                                  ^^^^^^^^^^^^^^
2023.04.01 20:36:24 INFO  file:///Users/bharathvemula/Purdue/cs502/proj6/compiler/src/miniscala/CPSOptimizer.scala:399:51: stale bloop error: miniscala.Symbol does not take parameters
            val replacedVars = boundVars.map(x => x.copy("copy"))
                                                  ^^^^^^^^^^^^^^
2023.04.01 20:37:21 INFO  compiling cmscala (1 scala source)
2023.04.01 20:37:23 INFO  time: compiled cmScala in 1.9s
2023.04.01 20:38:09 INFO  compiling cmscala (1 scala source)
2023.04.01 20:38:09 INFO  time: compiled cmScala in 0.17s
2023.04.01 20:38:09 INFO  compiling cmscala (1 scala source)
2023.04.01 20:38:09 INFO  time: compiled cmScala in 0.1s
2023.04.01 20:39:41 INFO  compiling cmscala (1 scala source)
2023.04.01 20:39:41 INFO  time: compiled cmScala in 0.18s
2023.04.01 20:39:41 INFO  compiling cmscala (1 scala source)
2023.04.01 20:39:41 INFO  time: compiled cmScala in 96ms
2023.04.01 20:39:41 INFO  compiling cmscala (1 scala source)
2023.04.01 20:39:41 INFO  time: compiled cmScala in 97ms
2023.04.01 20:39:41 INFO  compiling cmscala (1 scala source)
2023.04.01 20:39:41 INFO  time: compiled cmScala in 96ms
2023.04.01 20:39:48 INFO  compiling cmscala (1 scala source)
2023.04.01 20:39:48 INFO  time: compiled cmScala in 0.18s
2023.04.01 20:41:00 INFO  compiling cmscala (1 scala source)
2023.04.01 20:41:00 INFO  time: compiled cmScala in 0.22s
2023.04.01 20:41:00 INFO  compiling cmscala (1 scala source)
2023.04.01 20:41:00 INFO  time: compiled cmScala in 0.16s
2023.04.01 20:41:00 INFO  compiling cmscala (1 scala source)
2023.04.01 20:41:00 INFO  time: compiled cmScala in 91ms
2023.04.01 20:41:27 INFO  compiling cmscala (1 scala source)
2023.04.01 20:41:27 INFO  time: compiled cmScala in 0.18s
2023.04.01 20:43:01 INFO  compiling cmscala (1 scala source)
2023.04.01 20:43:01 INFO  time: compiled cmScala in 0.18s
2023.04.01 20:43:20 INFO  compiling cmscala (1 scala source)
2023.04.01 20:43:20 INFO  time: compiled cmScala in 0.19s
2023.04.01 20:43:20 INFO  compiling cmscala (1 scala source)
2023.04.01 20:43:20 INFO  time: compiled cmScala in 0.11s
2023.04.01 20:43:36 INFO  compiling cmscala (1 scala source)
2023.04.01 20:43:38 INFO  time: compiled cmScala in 1.91s
2023.04.01 20:44:00 INFO  compiling cmscala (1 scala source)
2023.04.01 20:44:02 INFO  time: compiled cmScala in 1.95s
2023.04.01 20:44:05 INFO  compiling cmscala (1 scala source)
2023.04.01 20:44:07 INFO  time: compiled cmScala in 1.98s
2023.04.01 20:44:13 INFO  compiling cmscala (1 scala source)
2023.04.01 20:44:15 INFO  time: compiled cmScala in 2s
2023.04.01 20:44:53 INFO  compiling cmscala (1 scala source)
2023.04.01 20:44:55 INFO  time: compiled cmScala in 1.91s
2023.04.01 20:45:16 INFO  compiling cmscala (1 scala source)
2023.04.01 20:45:18 INFO  time: compiled cmScala in 1.94s
2023.04.01 20:46:53 INFO  compiling cmscala (1 scala source)
2023.04.01 20:46:55 INFO  time: compiled cmScala in 1.85s
2023.04.01 20:47:07 INFO  compiling cmscala (1 scala source)
2023.04.01 20:47:09 INFO  time: compiled cmScala in 1.97s
2023.04.01 20:48:12 INFO  compiling cmscala (1 scala source)
2023.04.01 20:48:14 INFO  time: compiled cmScala in 1.96s
2023.04.01 20:50:37 INFO  compiling cmscala (1 scala source)
2023.04.01 20:50:39 INFO  time: compiled cmScala in 1.81s
2023.04.01 20:50:43 INFO  compiling cmscala (1 scala source)
2023.04.01 20:50:46 INFO  time: compiled cmScala in 2.49s
2023.04.01 20:54:23 INFO  compiling cmscala (1 scala source)
2023.04.01 20:54:25 INFO  time: compiled cmScala in 1.67s
2023.04.01 20:54:25 INFO  compiling cmscala (1 scala source)
2023.04.01 20:54:25 INFO  time: compiled cmScala in 0.85s
2023.04.01 20:54:45 INFO  compiling cmscala (1 scala source)
2023.04.01 20:54:47 INFO  time: compiled cmScala in 1.72s
2023.04.01 20:55:04 INFO  compiling cmscala (1 scala source)
2023.04.01 20:55:04 INFO  time: compiled cmScala in 0.23s
2023.04.01 20:55:11 INFO  compiling cmscala (1 scala source)
2023.04.01 20:55:13 INFO  time: compiled cmScala in 1.76s
2023.04.01 20:55:34 INFO  compiling cmscala (1 scala source)
2023.04.01 20:55:36 INFO  time: compiled cmScala in 1.83s
2023.04.01 20:55:37 INFO  compiling cmscala (1 scala source)
2023.04.01 20:55:39 INFO  time: compiled cmScala in 1.84s
2023.04.01 20:55:48 INFO  compiling cmscala (1 scala source)
2023.04.01 20:55:50 INFO  time: compiled cmScala in 1.81s
2023.04.01 20:56:06 INFO  compiling cmscala (1 scala source)
2023.04.01 20:56:06 INFO  time: compiled cmScala in 0.14s
2023.04.01 20:56:06 INFO  compiling cmscala (1 scala source)
2023.04.01 20:56:06 INFO  time: compiled cmScala in 30ms
2023.04.01 20:56:28 INFO  compiling cmscala (1 scala source)
2023.04.01 20:56:29 INFO  time: compiled cmScala in 1.81s
2023.04.01 20:56:51 INFO  compiling cmscala (1 scala source)
2023.04.01 20:56:52 INFO  time: compiled cmScala in 1.8s
2023.04.01 20:57:39 INFO  compiling cmscala (1 scala source)
2023.04.01 20:57:41 INFO  time: compiled cmScala in 1.82s
2023.04.01 20:58:09 INFO  compiling cmscala (1 scala source)
2023.04.01 20:58:11 INFO  time: compiled cmScala in 1.85s
2023.04.01 20:58:11 INFO  compiling cmscala (1 scala source)
2023.04.01 20:58:11 WARN  Could not load snapshot text for /Users/bharathvemula/Purdue/cs502/proj6/compiler/src/miniscala/CPSOptimizer.scala
2023.04.01 20:58:12 INFO  time: compiled cmScala in 1.05s
2023.04.01 20:58:49 INFO  compiling cmscala (1 scala source)
2023.04.01 20:58:51 INFO  time: compiled cmScala in 1.86s
2023.04.01 21:01:50 INFO  compiling cmscala (1 scala source)
2023.04.01 21:01:52 INFO  time: compiled cmScala in 2s
2023.04.02 11:38:50 INFO  Shutting down server
2023.04.02 11:38:50 INFO  shutting down Metals
2023.04.02 11:38:50 INFO  Shut down connection with build server.
2023.04.02 11:38:50 INFO  Shut down connection with build server.
2023.04.02 11:38:50 INFO  Exiting server
